#
# There is insufficient memory for the Java Runtime Environment to continue.
# Native memory allocation (malloc) failed to allocate 32744 bytes for ChunkPool::allocate
# Possible reasons:
#   The system is out of physical RAM or swap space
#   The process is running with CompressedOops enabled, and the Java Heap may be blocking the growth of the native heap
# Possible solutions:
#   Reduce memory load on the system
#   Increase physical memory or swap space
#   Check if swap backing store is full
#   Decrease Java heap size (-Xmx/-Xms)
#   Decrease number of Java threads
#   Decrease Java thread stack sizes (-Xss)
#   Set larger code cache with -XX:ReservedCodeCacheSize=
#   JVM is running with Zero Based Compressed Oops mode in which the Java heap is
#     placed in the first 32GB address space. The Java Heap base address is the
#     maximum limit for the native heap growth. Please use -XX:HeapBaseMinAddress
#     to set the Java Heap base and to place the Java Heap above 32GB virtual address.
# This output file may be truncated or incomplete.
#
#  Out of Memory Error (allocation.cpp:272), pid=18336, tid=0x0000000000004a64
#
# JRE version: OpenJDK Runtime Environment (8.0_302-b08) (build 1.8.0_302-b08)
# Java VM: OpenJDK 64-Bit Server VM (25.302-b08 mixed mode windows-amd64 compressed oops)
# Failed to write core dump. Minidumps are not enabled by default on client versions of Windows
#

---------------  T H R E A D  ---------------

Current thread (0x000002aaad4e8000):  JavaThread "C1 CompilerThread3" daemon [_thread_in_native, id=19044, stack(0x000000e665500000,0x000000e665600000)]

Stack: [0x000000e665500000,0x000000e665600000]
[error occurred during error reporting (printing stack bounds), id 0xc0000005]

Native frames: (J=compiled Java code, j=interpreted, Vv=VM code, C=native code)


Current CompileTask:
C1:   1050 1657       3       org.objectweb.asm.signature.SignatureWriter::endArguments (30 bytes)


---------------  P R O C E S S  ---------------

Java Threads: ( => current thread )
  0x000002aaaee4a000 JavaThread "pool-1-thread-10" [_thread_in_Java, id=22616, stack(0x000000e666100000,0x000000e666200000)]
  0x000002aaaee36800 JavaThread "pool-1-thread-9" [_thread_in_Java, id=25044, stack(0x000000e666000000,0x000000e666100000)]
  0x000002aaaee2d000 JavaThread "pool-1-thread-8" [_thread_in_native, id=15404, stack(0x000000e665f00000,0x000000e666000000)]
  0x000002aaaee2a000 JavaThread "pool-1-thread-7" [_thread_in_native, id=29220, stack(0x000000e665e00000,0x000000e665f00000)]
  0x000002aaaee27800 JavaThread "pool-1-thread-6" [_thread_in_Java, id=16852, stack(0x000000e665d00000,0x000000e665e00000)]
  0x000002aaaee26800 JavaThread "pool-1-thread-5" [_thread_in_native, id=28984, stack(0x000000e665c00000,0x000000e665d00000)]
  0x000002aaaee25800 JavaThread "pool-1-thread-4" [_thread_in_native, id=30788, stack(0x000000e665b00000,0x000000e665c00000)]
  0x000002aaaee29800 JavaThread "pool-1-thread-3" [_thread_in_native, id=34656, stack(0x000000e665a00000,0x000000e665b00000)]
  0x000002aaaee07800 JavaThread "pool-1-thread-2" [_thread_in_native, id=20216, stack(0x000000e665900000,0x000000e665a00000)]
  0x000002aaaee06800 JavaThread "pool-1-thread-1" [_thread_in_Java, id=19160, stack(0x000000e665800000,0x000000e665900000)]
  0x000002aaae898800 JavaThread "Service Thread" daemon [_thread_blocked, id=26740, stack(0x000000e665600000,0x000000e665700000)]
=>0x000002aaad4e8000 JavaThread "C1 CompilerThread3" daemon [_thread_in_native, id=19044, stack(0x000000e665500000,0x000000e665600000)]
  0x000002aaad4d2000 JavaThread "C2 CompilerThread2" daemon [_thread_in_native, id=26312, stack(0x000000e665400000,0x000000e665500000)]
  0x000002aaad4d0000 JavaThread "C2 CompilerThread1" daemon [_thread_in_native, id=5128, stack(0x000000e665300000,0x000000e665400000)]
  0x000002aaad4cb800 JavaThread "C2 CompilerThread0" daemon [_thread_in_native, id=17816, stack(0x000000e665200000,0x000000e665300000)]
  0x000002aaad4be000 JavaThread "Attach Listener" daemon [_thread_blocked, id=29252, stack(0x000000e665100000,0x000000e665200000)]
  0x000002aaad4bd000 JavaThread "Signal Dispatcher" daemon [_thread_blocked, id=29932, stack(0x000000e665000000,0x000000e665100000)]
  0x000002aaac88c000 JavaThread "Finalizer" daemon [_thread_blocked, id=25276, stack(0x000000e664f00000,0x000000e665000000)]
  0x000002aaac88a000 JavaThread "Reference Handler" daemon [_thread_blocked, id=7060, stack(0x000000e664e00000,0x000000e664f00000)]
  0x000002aa88907000 JavaThread "main" [_thread_blocked, id=24240, stack(0x000000e664400000,0x000000e664500000)]

Other Threads:
  0x000002aaad462800 VMThread [stack: 0x000000e664d00000,0x000000e664e00000] [id=23232]
  0x000002aaae899000 WatcherThread [stack: 0x000000e665700000,0x000000e665800000] [id=2752]

VM state:not at safepoint (normal execution)

VM Mutex/Monitor currently owned by a thread: None

heap address: 0x00000005c1e00000, size: 8162 MB, Compressed Oops mode: Zero based, Oop shift amount: 3
Narrow klass base: 0x0000000000000000, Narrow klass shift: 3
Compressed class space size: 1073741824 Address: 0x00000007c0000000

Heap:
 PSYoungGen      total 153088K, used 65155K [0x0000000715f80000, 0x0000000720a00000, 0x00000007c0000000)
  eden space 131584K, 33% used [0x0000000715f80000,0x0000000718a21158,0x000000071e000000)
  from space 21504K, 99% used [0x000000071f500000,0x00000007209ffca8,0x0000000720a00000)
  to   space 21504K, 0% used [0x000000071e000000,0x000000071e000000,0x000000071f500000)
 ParOldGen       total 349696K, used 2363K [0x00000005c1e00000, 0x00000005d7380000, 0x0000000715f80000)
  object space 349696K, 0% used [0x00000005c1e00000,0x00000005c204ee98,0x00000005d7380000)
 Metaspace       used 9288K, capacity 9366K, committed 9600K, reserved 1058816K
  class space    used 868K, capacity 883K, committed 896K, reserved 1048576K

Card table byte_map: [0x000002aa99530000,0x000002aa9a530000] byte_map_base: 0x000002aa96721000

Marking Bits: (ParMarkBitMap*) 0x0000000062ccc820
 Begin Bits: [0x000002aa9afe0000, 0x000002aaa2f68000)
 End Bits:   [0x000002aaa2f68000, 0x000002aaaaef0000)

Polling page: 0x000002aa88890000

CodeCache: size=245760Kb used=6151Kb max_used=6151Kb free=239608Kb
 bounds [0x000002aa8a170000, 0x000002aa8a780000, 0x000002aa99170000]
 total_blobs=1995 nmethods=1658 adapters=249
 compilation: enabled

Compilation events (10 events):
Event: 1.047 Thread 0x000002aaad4e8000 nmethod 1677 0x000002aa8a775f10 code [0x000002aa8a7760a0, 0x000002aa8a776430]
Event: 1.047 Thread 0x000002aaad4e8000 1680       3       org.objectweb.asm.FieldWriter::visitEnd (1 bytes)
Event: 1.047 Thread 0x000002aaad4e8000 nmethod 1680 0x000002aa8a7765d0 code [0x000002aa8a776720, 0x000002aa8a776878]
Event: 1.047 Thread 0x000002aaad4e8000 1681       3       org.objectweb.asm.FieldWriter::<init> (97 bytes)
Event: 1.047 Thread 0x000002aaad4e8000 nmethod 1681 0x000002aa8a776910 code [0x000002aa8a776ac0, 0x000002aa8a776f70]
Event: 1.047 Thread 0x000002aaad4e8000 1682       3       org.objectweb.asm.FieldVisitor::<init> (7 bytes)
Event: 1.048 Thread 0x000002aaad4e8000 nmethod 1682 0x000002aa8a7771d0 code [0x000002aa8a777360, 0x000002aa8a7776d0]
Event: 1.048 Thread 0x000002aaad4e8000 1683       3       org.objectweb.asm.FieldVisitor::visitEnd (15 bytes)
Event: 1.048 Thread 0x000002aaad4e8000 nmethod 1683 0x000002aa8a777850 code [0x000002aa8a7779c0, 0x000002aa8a777c30]
Event: 1.048 Thread 0x000002aaad4e8000 1657       3       org.objectweb.asm.signature.SignatureWriter::endArguments (30 bytes)

GC Heap History (4 events):
Event: 0.791 GC heap before
{Heap before GC invocations=1 (full 0):
 PSYoungGen      total 153088K, used 131365K [0x0000000715f80000, 0x0000000720a00000, 0x00000007c0000000)
  eden space 131584K, 99% used [0x0000000715f80000,0x000000071dfc94d8,0x000000071e000000)
  from space 21504K, 0% used [0x000000071f500000,0x000000071f500000,0x0000000720a00000)
  to   space 21504K, 0% used [0x000000071e000000,0x000000071e000000,0x000000071f500000)
 ParOldGen       total 349696K, used 0K [0x00000005c1e00000, 0x00000005d7380000, 0x0000000715f80000)
  object space 349696K, 0% used [0x00000005c1e00000,0x00000005c1e00000,0x00000005d7380000)
 Metaspace       used 8481K, capacity 8630K, committed 8832K, reserved 1056768K
  class space    used 824K, capacity 851K, committed 896K, reserved 1048576K
Event: 0.797 GC heap after
Heap after GC invocations=1 (full 0):
 PSYoungGen      total 153088K, used 11748K [0x0000000715f80000, 0x0000000720a00000, 0x00000007c0000000)
  eden space 131584K, 0% used [0x0000000715f80000,0x0000000715f80000,0x000000071e000000)
  from space 21504K, 54% used [0x000000071e000000,0x000000071eb79098,0x000000071f500000)
  to   space 21504K, 0% used [0x000000071f500000,0x000000071f500000,0x0000000720a00000)
 ParOldGen       total 349696K, used 80K [0x00000005c1e00000, 0x00000005d7380000, 0x0000000715f80000)
  object space 349696K, 0% used [0x00000005c1e00000,0x00000005c1e14010,0x00000005d7380000)
 Metaspace       used 8481K, capacity 8630K, committed 8832K, reserved 1056768K
  class space    used 824K, capacity 851K, committed 896K, reserved 1048576K
}
Event: 1.005 GC heap before
{Heap before GC invocations=2 (full 0):
 PSYoungGen      total 153088K, used 143332K [0x0000000715f80000, 0x0000000720a00000, 0x00000007c0000000)
  eden space 131584K, 100% used [0x0000000715f80000,0x000000071e000000,0x000000071e000000)
  from space 21504K, 54% used [0x000000071e000000,0x000000071eb79098,0x000000071f500000)
  to   space 21504K, 0% used [0x000000071f500000,0x000000071f500000,0x0000000720a00000)
 ParOldGen       total 349696K, used 80K [0x00000005c1e00000, 0x00000005d7380000, 0x0000000715f80000)
  object space 349696K, 0% used [0x00000005c1e00000,0x00000005c1e14010,0x00000005d7380000)
 Metaspace       used 9231K, capacity 9302K, committed 9344K, reserved 1058816K
  class space    used 868K, capacity 883K, committed 896K, reserved 1048576K
Event: 1.019 GC heap after
Heap after GC invocations=2 (full 0):
 PSYoungGen      total 153088K, used 21503K [0x0000000715f80000, 0x0000000720a00000, 0x00000007c0000000)
  eden space 131584K, 0% used [0x0000000715f80000,0x0000000715f80000,0x000000071e000000)
  from space 21504K, 99% used [0x000000071f500000,0x00000007209ffca8,0x0000000720a00000)
  to   space 21504K, 0% used [0x000000071e000000,0x000000071e000000,0x000000071f500000)
 ParOldGen       total 349696K, used 2363K [0x00000005c1e00000, 0x00000005d7380000, 0x0000000715f80000)
  object space 349696K, 0% used [0x00000005c1e00000,0x00000005c204ee98,0x00000005d7380000)
 Metaspace       used 9231K, capacity 9302K, committed 9344K, reserved 1058816K
  class space    used 868K, capacity 883K, committed 896K, reserved 1048576K
}

Deoptimization events (10 events):
Event: 0.927 Thread 0x000002aaaee36800 Uncommon trap: reason=bimorphic action=maybe_recompile pc=0x000002aa8a43d4c8 method=java.util.regex.Pattern$Slice.match(Ljava/util/regex/Matcher;ILjava/lang/CharSequence;)Z @ 75
Event: 0.927 Thread 0x000002aaaee36800 Uncommon trap: reason=bimorphic action=maybe_recompile pc=0x000002aa8a44e8f0 method=java.util.regex.Pattern$Begin.match(Ljava/util/regex/Matcher;ILjava/lang/CharSequence;)Z @ 30
Event: 0.927 Thread 0x000002aaaee36800 Uncommon trap: reason=bimorphic action=maybe_recompile pc=0x000002aa8a44e8f0 method=java.util.regex.Pattern$Begin.match(Ljava/util/regex/Matcher;ILjava/lang/CharSequence;)Z @ 30
Event: 0.927 Thread 0x000002aaaee36800 Uncommon trap: reason=bimorphic action=maybe_recompile pc=0x000002aa8a44e8f0 method=java.util.regex.Pattern$Begin.match(Ljava/util/regex/Matcher;ILjava/lang/CharSequence;)Z @ 30
Event: 0.927 Thread 0x000002aaaee36800 Uncommon trap: reason=bimorphic action=maybe_recompile pc=0x000002aa8a44e8f0 method=java.util.regex.Pattern$Begin.match(Ljava/util/regex/Matcher;ILjava/lang/CharSequence;)Z @ 30
Event: 0.928 Thread 0x000002aaaee36800 Uncommon trap: reason=bimorphic action=maybe_recompile pc=0x000002aa8a43d4c8 method=java.util.regex.Pattern$Slice.match(Ljava/util/regex/Matcher;ILjava/lang/CharSequence;)Z @ 75
Event: 0.929 Thread 0x000002aaaee36800 Uncommon trap: reason=bimorphic action=maybe_recompile pc=0x000002aa8a43d4c8 method=java.util.regex.Pattern$Slice.match(Ljava/util/regex/Matcher;ILjava/lang/CharSequence;)Z @ 75
Event: 0.929 Thread 0x000002aaaee36800 Uncommon trap: reason=bimorphic action=maybe_recompile pc=0x000002aa8a43d4c8 method=java.util.regex.Pattern$Slice.match(Ljava/util/regex/Matcher;ILjava/lang/CharSequence;)Z @ 75
Event: 0.938 Thread 0x000002aaaee07800 Uncommon trap: reason=unstable_if action=reinterpret pc=0x000002aa8a5f8f64 method=java.lang.Integer.valueOf(I)Ljava/lang/Integer; @ 3
Event: 1.022 Thread 0x000002aaaee06800 Uncommon trap: reason=unstable_if action=reinterpret pc=0x000002aa8a731fb8 method=org.objectweb.asm.Item.isEqualTo(Lorg/objectweb/asm/Item;)Z @ 345

Classes redefined (0 events):
No events

Internal exceptions (10 events):
Event: 0.092 Thread 0x000002aa88907000 Exception <a 'java/security/PrivilegedActionException'> (0x000000071608acb8) thrown at [J:\jenkins\tmp\workspace\build\src\hotspot\src\share\vm\prims\jvm.cpp, line 1523]
Event: 0.131 Thread 0x000002aa88907000 Exception <a 'java/lang/ArrayIndexOutOfBoundsException': 18> (0x00000007167d5e18) thrown at [J:\jenkins\tmp\workspace\build\src\hotspot\src\share\vm\interpreter\interpreterRuntime.cpp, line 371]
Event: 0.131 Thread 0x000002aa88907000 Exception <a 'java/lang/ArrayIndexOutOfBoundsException': 55> (0x00000007167d6b88) thrown at [J:\jenkins\tmp\workspace\build\src\hotspot\src\share\vm\interpreter\interpreterRuntime.cpp, line 371]
Event: 0.132 Thread 0x000002aa88907000 Exception <a 'java/lang/ArrayIndexOutOfBoundsException': 40> (0x00000007167d79f8) thrown at [J:\jenkins\tmp\workspace\build\src\hotspot\src\share\vm\interpreter\interpreterRuntime.cpp, line 371]
Event: 0.171 Thread 0x000002aa88907000 Exception <a 'java/lang/ArrayIndexOutOfBoundsException'> (0x0000000716c50518) thrown at [J:\jenkins\tmp\workspace\build\src\hotspot\src\share\vm\runtime\sharedRuntime.cpp, line 609]
Event: 0.173 Thread 0x000002aa88907000 Exception <a 'java/lang/ArrayIndexOutOfBoundsException'> (0x0000000716c6ba68) thrown at [J:\jenkins\tmp\workspace\build\src\hotspot\src\share\vm\runtime\sharedRuntime.cpp, line 609]
Event: 0.179 Thread 0x000002aa88907000 Exception <a 'java/lang/ArrayIndexOutOfBoundsException'> (0x0000000716cbd428) thrown at [J:\jenkins\tmp\workspace\build\src\hotspot\src\share\vm\runtime\sharedRuntime.cpp, line 609]
Event: 0.182 Thread 0x000002aa88907000 Exception <a 'java/lang/ArrayIndexOutOfBoundsException'> (0x0000000716cd2b90) thrown at [J:\jenkins\tmp\workspace\build\src\hotspot\src\share\vm\runtime\sharedRuntime.cpp, line 609]
Event: 0.899 Thread 0x000002aaaee29800 Implicit null exception at 0x000002aa8a578680 to 0x000002aa8a578701
Event: 0.925 Thread 0x000002aaaee4a000 Implicit null exception at 0x000002aa8a5703b4 to 0x000002aa8a570429

Events (10 events):
Event: 0.971 Thread 0x000002aaaee36800 DEOPT UNPACKING pc=0x000002aa8a1b75d8 sp=0x000000e6660fe510 mode 0
Event: 0.994 Thread 0x000002aaaee4a000 DEOPT PACKING pc=0x000002aa8a612ee4 sp=0x000000e6661fe570
Event: 0.994 Thread 0x000002aaaee4a000 DEOPT UNPACKING pc=0x000002aa8a1b75d8 sp=0x000000e6661fe428 mode 0
Event: 1.005 Executing VM operation: ParallelGCFailedAllocation
Event: 1.019 Executing VM operation: ParallelGCFailedAllocation done
Event: 1.022 Thread 0x000002aaaee06800 Uncommon trap: trap_request=0xffffff65 fr.pc=0x000002aa8a731fb8
Event: 1.022 Thread 0x000002aaaee06800 DEOPT PACKING pc=0x000002aa8a731fb8 sp=0x000000e6658fe2e0
Event: 1.022 Thread 0x000002aaaee06800 DEOPT UNPACKING pc=0x000002aa8a1b5583 sp=0x000000e6658fe278 mode 2
Event: 1.039 Thread 0x000002aaaee4a000 DEOPT PACKING pc=0x000002aa8a598e55 sp=0x000000e6661fe870
Event: 1.039 Thread 0x000002aaaee4a000 DEOPT UNPACKING pc=0x000002aa8a1b75d8 sp=0x000000e6661fe5c0 mode 0


Dynamic libraries:
0x00007ff658400000 - 0x00007ff65843a000 	C:\Program Files\Eclipse Foundation\jdk-8.0.302.8-hotspot\bin\java.exe
0x00007ffb2a130000 - 0x00007ffb2a328000 	C:\WINDOWS\SYSTEM32\ntdll.dll
0x00007ffb28540000 - 0x00007ffb285ff000 	C:\WINDOWS\System32\KERNEL32.DLL
0x00007ffb27c90000 - 0x00007ffb27f62000 	C:\WINDOWS\System32\KERNELBASE.dll
0x00007ffb28df0000 - 0x00007ffb28e9e000 	C:\WINDOWS\System32\ADVAPI32.dll
0x00007ffb29d20000 - 0x00007ffb29dbe000 	C:\WINDOWS\System32\msvcrt.dll
0x00007ffb29890000 - 0x00007ffb2992c000 	C:\WINDOWS\System32\sechost.dll
0x00007ffb29f60000 - 0x00007ffb2a085000 	C:\WINDOWS\System32\RPCRT4.dll
0x00007ffb29dc0000 - 0x00007ffb29f5d000 	C:\WINDOWS\System32\USER32.dll
0x00007ffb27830000 - 0x00007ffb27852000 	C:\WINDOWS\System32\win32u.dll
0x00007ffb29a10000 - 0x00007ffb29a3b000 	C:\WINDOWS\System32\GDI32.dll
0x00007ffb28070000 - 0x00007ffb2817f000 	C:\WINDOWS\System32\gdi32full.dll
0x00007ffb27b80000 - 0x00007ffb27c1d000 	C:\WINDOWS\System32\msvcp_win.dll
0x00007ffb27f70000 - 0x00007ffb28070000 	C:\WINDOWS\System32\ucrtbase.dll
0x00007ffb0a0d0000 - 0x00007ffb0a36a000 	C:\WINDOWS\WinSxS\amd64_microsoft.windows.common-controls_6595b64144ccf1df_6.0.19041.1110_none_60b5254171f9507e\COMCTL32.dll
0x00007ffb29ba0000 - 0x00007ffb29bd2000 	C:\WINDOWS\System32\IMM32.DLL
0x00007ffae3dc0000 - 0x00007ffae3eaf000 	C:\Program Files\Eclipse Foundation\jdk-8.0.302.8-hotspot\jre\bin\msvcr120.dll
0x00007ffadef40000 - 0x00007ffadefe6000 	C:\Program Files\Eclipse Foundation\jdk-8.0.302.8-hotspot\jre\bin\msvcp120.dll
0x00000000624e0000 - 0x0000000062d4b000 	C:\Program Files\Eclipse Foundation\jdk-8.0.302.8-hotspot\jre\bin\server\jvm.dll
0x00007ffb28de0000 - 0x00007ffb28de8000 	C:\WINDOWS\System32\PSAPI.DLL
0x00007ffb15810000 - 0x00007ffb15819000 	C:\WINDOWS\SYSTEM32\WSOCK32.dll
0x00007ffb21b90000 - 0x00007ffb21b9a000 	C:\WINDOWS\SYSTEM32\VERSION.dll
0x00007ffb12240000 - 0x00007ffb12267000 	C:\WINDOWS\SYSTEM32\WINMM.dll
0x00007ffb29020000 - 0x00007ffb2908b000 	C:\WINDOWS\System32\WS2_32.dll
0x00007ffb233d0000 - 0x00007ffb233df000 	C:\Program Files\Eclipse Foundation\jdk-8.0.302.8-hotspot\jre\bin\verify.dll
0x00007ffafd5e0000 - 0x00007ffafd609000 	C:\Program Files\Eclipse Foundation\jdk-8.0.302.8-hotspot\jre\bin\java.dll
0x00007ffb232a0000 - 0x00007ffb232b6000 	C:\Program Files\Eclipse Foundation\jdk-8.0.302.8-hotspot\jre\bin\zip.dll
0x00007ffb28600000 - 0x00007ffb28d43000 	C:\WINDOWS\System32\SHELL32.dll
0x00007ffb257e0000 - 0x00007ffb25f72000 	C:\WINDOWS\SYSTEM32\windows.storage.dll
0x00007ffb28180000 - 0x00007ffb284d4000 	C:\WINDOWS\System32\combase.dll
0x00007ffb27220000 - 0x00007ffb27250000 	C:\WINDOWS\SYSTEM32\Wldp.dll
0x00007ffb29930000 - 0x00007ffb299dd000 	C:\WINDOWS\System32\SHCORE.dll
0x00007ffb290f0000 - 0x00007ffb29145000 	C:\WINDOWS\System32\shlwapi.dll
0x00007ffb27770000 - 0x00007ffb2778f000 	C:\WINDOWS\SYSTEM32\profapi.dll
0x00007ffb231e0000 - 0x00007ffb231fa000 	C:\Program Files\Eclipse Foundation\jdk-8.0.302.8-hotspot\jre\bin\net.dll
0x00007ffb26f10000 - 0x00007ffb26f7a000 	C:\WINDOWS\system32\mswsock.dll
0x00007ffb23120000 - 0x00007ffb23132000 	C:\Program Files\Eclipse Foundation\jdk-8.0.302.8-hotspot\jre\bin\nio.dll

VM Arguments:
java_command: com.xamarin.androidx.jetifierWrapper.Main -intermediate obj\Debug\110\androidx\_AndroidXJetifyEmbeddedFiles.jetify -parallel
java_class_path (initial): C:\Users\Administrator\.nuget\packages\xamarin.androidx.migration\1.0.8\buildTransitive\monoandroid90\Tools/JetifierWrapper/jetifierWrapper-1.0.jar
Launcher Type: SUN_STANDARD

Environment Variables:
PATH=C:\Program Files\Eclipse Foundation\jdk-8.0.302.8-hotspot\bin;C:\Program Files\Microsoft\jdk-11.0.12.7-hotspot\bin;C:\Program Files\Microsoft MPI\Bin\;C:\Oracle\11.2.0\client_1;C:\Program Files (x86)\Eziriz\.NET Reactor;C:\ProgramData\Oracle\Java\javapath;D:\app\Hung\product\11.2.0\client_2\bin;D:\app\Hung\product\11.2.0\client_1;C:\Program Files (x86)\Common Files\Oracle\Java\javapath;C:\WINDOWS\system32;C:\WINDOWS;C:\WINDOWS\System32\Wbem;C:\WINDOWS\System32\WindowsPowerShell\v1.0\;C:\WINDOWS\System32\OpenSSH\;C:\Program Files (x86)\Microsoft SQL Server\140\Tools\Binn\;C:\Program Files\Microsoft SQL Server\140\Tools\Binn\;C:\Program Files (x86)\Microsoft SQL Server\140\DTS\Binn\;C:\Program Files\Microsoft SQL Server\140\DTS\Binn\;C:\Program Files\Microsoft SQL Server\Client SDK\ODBC\130\Tools\Binn\;C:\Program Files\Git\cmd;C:\Program Files\dotnet\;C:\Program Files\Microsoft SQL Server\130\Tools\Binn\;C:\Program Files (x86)\Microsoft SQL Server\Client SDK\ODBC\130\Tools\Binn\;C:\Program Files (x86)\Microsoft SQL Server\140\Tools\Binn\ManagementStudio\;C:\Program Files (x86)\Microsoft SQL Server\90\Tools\binn\;C:\Program Files\Eclipse Foundation\jdk1.7.0_80;C:\Users\Administrator\AppData\Local\Microsoft\WindowsApps;C:\Users\Administrator\.dotnet\tools;C:\Users\Administrator\AppData\Local\GitHubDesktop\bin;C:\Users\Administrator\.dotnet\tools
USERNAME=Administrator
OS=Windows_NT
PROCESSOR_IDENTIFIER=Intel64 Family 6 Model 94 Stepping 3, GenuineIntel



---------------  S Y S T E M  ---------------

OS: Windows 10.0 , 64 bit Build 19041 (10.0.19041.2251)

CPU:total 8 (initial active 8) (4 cores per cpu, 2 threads per core) family 6 model 94 stepping 3, cmov, cx8, fxsr, mmx, sse, sse2, sse3, ssse3, sse4.1, sse4.2, popcnt, avx, avx2, aes, clmul, erms, rtm, 3dnowpref, lzcnt, ht, tsc, tscinvbit, bmi1, bmi2, adx

Memory: 4k page, physical 33431352k(5752048k free), swap 33431352k(5120k free)

vm_info: OpenJDK 64-Bit Server VM (25.302-b08) for windows-amd64 JRE (1.8.0_302-b08), built on Jul 20 2021 21:31:03 by "jenkins" with MS VC++ 12.0 (VS2013)

time: Wed Nov 23 14:28:21 2022
timezone: SE Asia Standard Time
elapsed time: 1.054156 seconds (0d 0h 0m 1s)

