#
# There is insufficient memory for the Java Runtime Environment to continue.
# Native memory allocation (malloc) failed to allocate 32744 bytes for ChunkPool::allocate
# Possible reasons:
#   The system is out of physical RAM or swap space
#   The process is running with CompressedOops enabled, and the Java Heap may be blocking the growth of the native heap
# Possible solutions:
#   Reduce memory load on the system
#   Increase physical memory or swap space
#   Check if swap backing store is full
#   Decrease Java heap size (-Xmx/-Xms)
#   Decrease number of Java threads
#   Decrease Java thread stack sizes (-Xss)
#   Set larger code cache with -XX:ReservedCodeCacheSize=
#   JVM is running with Unscaled Compressed Oops mode in which the Java heap is
#     placed in the first 4GB address space. The Java Heap base address is the
#     maximum limit for the native heap growth. Please use -XX:HeapBaseMinAddress
#     to set the Java Heap base and to place the Java Heap above 4GB virtual address.
# This output file may be truncated or incomplete.
#
#  Out of Memory Error (allocation.cpp:272), pid=29868, tid=0x0000000000000990
#
# JRE version: OpenJDK Runtime Environment (8.0_302-b08) (build 1.8.0_302-b08)
# Java VM: OpenJDK 64-Bit Server VM (25.302-b08 mixed mode windows-amd64 compressed oops)
# Failed to write core dump. Minidumps are not enabled by default on client versions of Windows
#

---------------  T H R E A D  ---------------

Current thread (0x0000022c26693800):  JavaThread "C2 CompilerThread0" daemon [_thread_in_native, id=2448, stack(0x0000004578d00000,0x0000004578e00000)]

Stack: [0x0000004578d00000,0x0000004578e00000]
[error occurred during error reporting (printing stack bounds), id 0xc0000005]

Native frames: (J=compiled Java code, j=interpreted, Vv=VM code, C=native code)


Current CompileTask:
C2:   2057 3484       4       com.android.tools.build.bundletool.splitters.ScreenDensityResourcesSplitter::filterEntryForDensity (213 bytes)


---------------  P R O C E S S  ---------------

Java Threads: ( => current thread )
  0x0000022c28864800 JavaThread "Device List Monitor" [_thread_in_native, id=29792, stack(0x0000004579400000,0x0000004579500000)]
  0x0000022c28733800 JavaThread "Monitor" [_thread_in_native, id=27964, stack(0x0000004579300000,0x0000004579400000)]
  0x0000022c27a3c800 JavaThread "Service Thread" daemon [_thread_blocked, id=13392, stack(0x0000004579100000,0x0000004579200000)]
  0x0000022c26694000 JavaThread "C1 CompilerThread3" daemon [_thread_blocked, id=28076, stack(0x0000004579000000,0x0000004579100000)]
  0x0000022c2668f000 JavaThread "C2 CompilerThread2" daemon [_thread_in_native, id=26308, stack(0x0000004578f00000,0x0000004579000000)]
  0x0000022c2668e800 JavaThread "C2 CompilerThread1" daemon [_thread_in_native, id=24432, stack(0x0000004578e00000,0x0000004578f00000)]
=>0x0000022c26693800 JavaThread "C2 CompilerThread0" daemon [_thread_in_native, id=2448, stack(0x0000004578d00000,0x0000004578e00000)]
  0x0000022c26682800 JavaThread "Attach Listener" daemon [_thread_blocked, id=5920, stack(0x0000004578c00000,0x0000004578d00000)]
  0x0000022c2667c000 JavaThread "Signal Dispatcher" daemon [_thread_blocked, id=11540, stack(0x0000004578b00000,0x0000004578c00000)]
  0x0000022c25a5e800 JavaThread "Finalizer" daemon [_thread_blocked, id=10216, stack(0x0000004578a00000,0x0000004578b00000)]
  0x0000022c25a5b800 JavaThread "Reference Handler" daemon [_thread_blocked, id=23504, stack(0x0000004578900000,0x0000004578a00000)]
  0x0000022c11f69800 JavaThread "main" [_thread_in_Java, id=29956, stack(0x0000004577f00000,0x0000004578000000)]

Other Threads:
  0x0000022c26622800 VMThread [stack: 0x0000004578800000,0x0000004578900000] [id=1020]
  0x0000022c27a3e000 WatcherThread [stack: 0x0000004579200000,0x0000004579300000] [id=13780]

VM state:not at safepoint (normal execution)

VM Mutex/Monitor currently owned by a thread: None

heap address: 0x00000000c0000000, size: 1024 MB, Compressed Oops mode: 32-bit
Narrow klass base: 0x0000000000000000, Narrow klass shift: 3
Compressed class space size: 1073741824 Address: 0x0000000100000000

Heap:
 PSYoungGen      total 153088K, used 149719K [0x00000000eab00000, 0x00000000f5580000, 0x0000000100000000)
  eden space 131584K, 97% used [0x00000000eab00000,0x00000000f2839778,0x00000000f2b80000)
  from space 21504K, 99% used [0x00000000f4080000,0x00000000f557c4d8,0x00000000f5580000)
  to   space 21504K, 0% used [0x00000000f2b80000,0x00000000f2b80000,0x00000000f4080000)
 ParOldGen       total 349696K, used 12618K [0x00000000c0000000, 0x00000000d5580000, 0x00000000eab00000)
  object space 349696K, 3% used [0x00000000c0000000,0x00000000c0c52ab0,0x00000000d5580000)
 Metaspace       used 19440K, capacity 20712K, committed 20864K, reserved 1067008K
  class space    used 2307K, capacity 2580K, committed 2688K, reserved 1048576K

Card table byte_map: [0x0000022c22bd0000,0x0000022c22de0000] byte_map_base: 0x0000022c225d0000

Marking Bits: (ParMarkBitMap*) 0x00000000591ec820
 Begin Bits: [0x0000022c22f40000, 0x0000022c23f40000)
 End Bits:   [0x0000022c23f40000, 0x0000022c24f40000)

Polling page: 0x0000022c137e0000

CodeCache: size=245760Kb used=9891Kb max_used=9892Kb free=235868Kb
 bounds [0x0000022c13810000, 0x0000022c141d0000, 0x0000022c22810000]
 total_blobs=3887 nmethods=3501 adapters=297
 compilation: enabled

Compilation events (10 events):
Event: 2.036 Thread 0x0000022c26694000 nmethod 3521 0x0000022c141b3750 code [0x0000022c141b38c0, 0x0000022c141b3ab0]
Event: 2.036 Thread 0x0000022c26694000 3522       2       com.android.bundle.Targeting$ScreenDensity$DensityAlias::valueOf (5 bytes)
Event: 2.036 Thread 0x0000022c26694000 nmethod 3522 0x0000022c141bcd90 code [0x0000022c141bcee0, 0x0000022c141bd030]
Event: 2.036 Thread 0x0000022c26694000 3523       2       com.android.bundle.Targeting$ScreenDensity$DensityAlias::forNumber (90 bytes)
Event: 2.036 Thread 0x0000022c26694000 nmethod 3523 0x0000022c141bc950 code [0x0000022c141bcac0, 0x0000022c141bcd18]
Event: 2.046 Thread 0x0000022c26694000 3524       2       com.android.aapt.ConfigurationOuterClass$Configuration$Builder::setSmallestScreenWidthDp (11 bytes)
Event: 2.046 Thread 0x0000022c26694000 nmethod 3524 0x0000022c141bc590 code [0x0000022c141bc700, 0x0000022c141bc8b0]
Event: 2.051 Thread 0x0000022c26694000 3527       2       com.android.tools.build.bundletool.model.utils.TargetingNormalizer$$Lambda$320/1754444726::applyAsInt (11 bytes)
Event: 2.051 Thread 0x0000022c26694000 nmethod 3527 0x0000022c141bc190 code [0x0000022c141bc300, 0x0000022c141bc4b0]
Event: 2.051 Thread 0x0000022c26694000 3528       2       com.android.tools.build.bundletool.model.utils.ResourcesUtils::convertToDpi (78 bytes)

GC Heap History (10 events):
Event: 1.613 GC heap before
{Heap before GC invocations=2 (full 0):
 PSYoungGen      total 153088K, used 153076K [0x00000000eab00000, 0x00000000f5580000, 0x0000000100000000)
  eden space 131584K, 100% used [0x00000000eab00000,0x00000000f2b80000,0x00000000f2b80000)
  from space 21504K, 99% used [0x00000000f2b80000,0x00000000f407d268,0x00000000f4080000)
  to   space 21504K, 0% used [0x00000000f4080000,0x00000000f4080000,0x00000000f5580000)
 ParOldGen       total 349696K, used 9227K [0x00000000c0000000, 0x00000000d5580000, 0x00000000eab00000)
  object space 349696K, 2% used [0x00000000c0000000,0x00000000c0902d68,0x00000000d5580000)
 Metaspace       used 18490K, capacity 19474K, committed 19712K, reserved 1067008K
  class space    used 2210K, capacity 2467K, committed 2560K, reserved 1048576K
Event: 1.623 GC heap after
Heap after GC invocations=2 (full 0):
 PSYoungGen      total 153088K, used 21489K [0x00000000eab00000, 0x00000000f5580000, 0x0000000100000000)
  eden space 131584K, 0% used [0x00000000eab00000,0x00000000eab00000,0x00000000f2b80000)
  from space 21504K, 99% used [0x00000000f4080000,0x00000000f557c4d8,0x00000000f5580000)
  to   space 21504K, 0% used [0x00000000f2b80000,0x00000000f2b80000,0x00000000f4080000)
 ParOldGen       total 349696K, used 11794K [0x00000000c0000000, 0x00000000d5580000, 0x00000000eab00000)
  object space 349696K, 3% used [0x00000000c0000000,0x00000000c0b84ab0,0x00000000d5580000)
 Metaspace       used 18490K, capacity 19474K, committed 19712K, reserved 1067008K
  class space    used 2210K, capacity 2467K, committed 2560K, reserved 1048576K
}
Event: 1.704 GC heap before
{Heap before GC invocations=3 (full 0):
 PSYoungGen      total 153088K, used 153073K [0x00000000eab00000, 0x00000000f5580000, 0x0000000100000000)
  eden space 131584K, 100% used [0x00000000eab00000,0x00000000f2b80000,0x00000000f2b80000)
  from space 21504K, 99% used [0x00000000f4080000,0x00000000f557c4d8,0x00000000f5580000)
  to   space 21504K, 0% used [0x00000000f2b80000,0x00000000f2b80000,0x00000000f4080000)
 ParOldGen       total 349696K, used 11794K [0x00000000c0000000, 0x00000000d5580000, 0x00000000eab00000)
  object space 349696K, 3% used [0x00000000c0000000,0x00000000c0b84ab0,0x00000000d5580000)
 Metaspace       used 18594K, capacity 19684K, committed 19968K, reserved 1067008K
  class space    used 2216K, capacity 2470K, committed 2560K, reserved 1048576K
Event: 1.711 GC heap after
Heap after GC invocations=3 (full 0):
 PSYoungGen      total 153088K, used 21489K [0x00000000eab00000, 0x00000000f5580000, 0x0000000100000000)
  eden space 131584K, 0% used [0x00000000eab00000,0x00000000eab00000,0x00000000f2b80000)
  from space 21504K, 99% used [0x00000000f2b80000,0x00000000f407c4d8,0x00000000f4080000)
  to   space 21504K, 0% used [0x00000000f4080000,0x00000000f4080000,0x00000000f5580000)
 ParOldGen       total 349696K, used 12298K [0x00000000c0000000, 0x00000000d5580000, 0x00000000eab00000)
  object space 349696K, 3% used [0x00000000c0000000,0x00000000c0c02ab0,0x00000000d5580000)
 Metaspace       used 18594K, capacity 19684K, committed 19968K, reserved 1067008K
  class space    used 2216K, capacity 2470K, committed 2560K, reserved 1048576K
}
Event: 1.762 GC heap before
{Heap before GC invocations=4 (full 0):
 PSYoungGen      total 153088K, used 153073K [0x00000000eab00000, 0x00000000f5580000, 0x0000000100000000)
  eden space 131584K, 100% used [0x00000000eab00000,0x00000000f2b80000,0x00000000f2b80000)
  from space 21504K, 99% used [0x00000000f2b80000,0x00000000f407c4d8,0x00000000f4080000)
  to   space 21504K, 0% used [0x00000000f4080000,0x00000000f4080000,0x00000000f5580000)
 ParOldGen       total 349696K, used 12298K [0x00000000c0000000, 0x00000000d5580000, 0x00000000eab00000)
  object space 349696K, 3% used [0x00000000c0000000,0x00000000c0c02ab0,0x00000000d5580000)
 Metaspace       used 18596K, capacity 19684K, committed 19968K, reserved 1067008K
  class space    used 2216K, capacity 2470K, committed 2560K, reserved 1048576K
Event: 1.771 GC heap after
Heap after GC invocations=4 (full 0):
 PSYoungGen      total 153088K, used 21489K [0x00000000eab00000, 0x00000000f5580000, 0x0000000100000000)
  eden space 131584K, 0% used [0x00000000eab00000,0x00000000eab00000,0x00000000f2b80000)
  from space 21504K, 99% used [0x00000000f4080000,0x00000000f557c4d8,0x00000000f5580000)
  to   space 21504K, 0% used [0x00000000f2b80000,0x00000000f2b80000,0x00000000f4080000)
 ParOldGen       total 349696K, used 12402K [0x00000000c0000000, 0x00000000d5580000, 0x00000000eab00000)
  object space 349696K, 3% used [0x00000000c0000000,0x00000000c0c1cab0,0x00000000d5580000)
 Metaspace       used 18596K, capacity 19684K, committed 19968K, reserved 1067008K
  class space    used 2216K, capacity 2470K, committed 2560K, reserved 1048576K
}
Event: 1.820 GC heap before
{Heap before GC invocations=5 (full 0):
 PSYoungGen      total 153088K, used 153073K [0x00000000eab00000, 0x00000000f5580000, 0x0000000100000000)
  eden space 131584K, 100% used [0x00000000eab00000,0x00000000f2b80000,0x00000000f2b80000)
  from space 21504K, 99% used [0x00000000f4080000,0x00000000f557c4d8,0x00000000f5580000)
  to   space 21504K, 0% used [0x00000000f2b80000,0x00000000f2b80000,0x00000000f4080000)
 ParOldGen       total 349696K, used 12402K [0x00000000c0000000, 0x00000000d5580000, 0x00000000eab00000)
  object space 349696K, 3% used [0x00000000c0000000,0x00000000c0c1cab0,0x00000000d5580000)
 Metaspace       used 18596K, capacity 19684K, committed 19968K, reserved 1067008K
  class space    used 2216K, capacity 2470K, committed 2560K, reserved 1048576K
Event: 1.827 GC heap after
Heap after GC invocations=5 (full 0):
 PSYoungGen      total 153088K, used 21473K [0x00000000eab00000, 0x00000000f5580000, 0x0000000100000000)
  eden space 131584K, 0% used [0x00000000eab00000,0x00000000eab00000,0x00000000f2b80000)
  from space 21504K, 99% used [0x00000000f2b80000,0x00000000f40784c8,0x00000000f4080000)
  to   space 21504K, 0% used [0x00000000f4080000,0x00000000f4080000,0x00000000f5580000)
 ParOldGen       total 349696K, used 12506K [0x00000000c0000000, 0x00000000d5580000, 0x00000000eab00000)
  object space 349696K, 3% used [0x00000000c0000000,0x00000000c0c36ab0,0x00000000d5580000)
 Metaspace       used 18596K, capacity 19684K, committed 19968K, reserved 1067008K
  class space    used 2216K, capacity 2470K, committed 2560K, reserved 1048576K
}
Event: 1.866 GC heap before
{Heap before GC invocations=6 (full 0):
 PSYoungGen      total 153088K, used 153057K [0x00000000eab00000, 0x00000000f5580000, 0x0000000100000000)
  eden space 131584K, 100% used [0x00000000eab00000,0x00000000f2b80000,0x00000000f2b80000)
  from space 21504K, 99% used [0x00000000f2b80000,0x00000000f40784c8,0x00000000f4080000)
  to   space 21504K, 0% used [0x00000000f4080000,0x00000000f4080000,0x00000000f5580000)
 ParOldGen       total 349696K, used 12506K [0x00000000c0000000, 0x00000000d5580000, 0x00000000eab00000)
  object space 349696K, 3% used [0x00000000c0000000,0x00000000c0c36ab0,0x00000000d5580000)
 Metaspace       used 18596K, capacity 19684K, committed 19968K, reserved 1067008K
  class space    used 2216K, capacity 2470K, committed 2560K, reserved 1048576K
Event: 1.873 GC heap after
Heap after GC invocations=6 (full 0):
 PSYoungGen      total 153088K, used 21489K [0x00000000eab00000, 0x00000000f5580000, 0x0000000100000000)
  eden space 131584K, 0% used [0x00000000eab00000,0x00000000eab00000,0x00000000f2b80000)
  from space 21504K, 99% used [0x00000000f4080000,0x00000000f557c4d8,0x00000000f5580000)
  to   space 21504K, 0% used [0x00000000f2b80000,0x00000000f2b80000,0x00000000f4080000)
 ParOldGen       total 349696K, used 12618K [0x00000000c0000000, 0x00000000d5580000, 0x00000000eab00000)
  object space 349696K, 3% used [0x00000000c0000000,0x00000000c0c52ab0,0x00000000d5580000)
 Metaspace       used 18596K, capacity 19684K, committed 19968K, reserved 1067008K
  class space    used 2216K, capacity 2470K, committed 2560K, reserved 1048576K
}

Deoptimization events (10 events):
Event: 1.943 Thread 0x0000022c11f69800 Uncommon trap: reason=unstable_if action=reinterpret pc=0x0000022c1397ad9c method=java.lang.String.<init>([CII)V @ 18
Event: 1.949 Thread 0x0000022c11f69800 Uncommon trap: reason=array_check action=maybe_recompile pc=0x0000022c14152d2c method=java.util.AbstractCollection.toArray([Ljava/lang/Object;)[Ljava/lang/Object; @ 119
Event: 1.949 Thread 0x0000022c11f69800 Uncommon trap: reason=array_check action=maybe_recompile pc=0x0000022c14152d2c method=java.util.AbstractCollection.toArray([Ljava/lang/Object;)[Ljava/lang/Object; @ 119
Event: 1.949 Thread 0x0000022c11f69800 Uncommon trap: reason=array_check action=maybe_recompile pc=0x0000022c14152d2c method=java.util.AbstractCollection.toArray([Ljava/lang/Object;)[Ljava/lang/Object; @ 119
Event: 1.949 Thread 0x0000022c11f69800 Uncommon trap: reason=array_check action=maybe_recompile pc=0x0000022c14152d2c method=java.util.AbstractCollection.toArray([Ljava/lang/Object;)[Ljava/lang/Object; @ 119
Event: 1.973 Thread 0x0000022c11f69800 Uncommon trap: reason=predicate action=maybe_recompile pc=0x0000022c140ed75c method=com.android.tools.build.bundletool.model.utils.ResourcesUtils.filterResourceTable(Lcom/android/aapt/Resources$ResourceTable;Ljava/util/function/Predicate;Ljava/util/functi
Event: 1.974 Thread 0x0000022c11f69800 Uncommon trap: reason=class_check action=maybe_recompile pc=0x0000022c140e002c method=com.android.tools.build.bundletool.model.utils.ResourcesUtils.filterResourceTable(Lcom/android/aapt/Resources$ResourceTable;Ljava/util/function/Predicate;Ljava/util/func
Event: 1.979 Thread 0x0000022c11f69800 Uncommon trap: reason=class_check action=maybe_recompile pc=0x0000022c140e002c method=com.android.tools.build.bundletool.model.utils.ResourcesUtils.filterResourceTable(Lcom/android/aapt/Resources$ResourceTable;Ljava/util/function/Predicate;Ljava/util/func
Event: 1.982 Thread 0x0000022c11f69800 Uncommon trap: reason=class_check action=maybe_recompile pc=0x0000022c140e002c method=com.android.tools.build.bundletool.model.utils.ResourcesUtils.filterResourceTable(Lcom/android/aapt/Resources$ResourceTable;Ljava/util/function/Predicate;Ljava/util/func
Event: 1.987 Thread 0x0000022c11f69800 Uncommon trap: reason=class_check action=maybe_recompile pc=0x0000022c140e002c method=com.android.tools.build.bundletool.model.utils.ResourcesUtils.filterResourceTable(Lcom/android/aapt/Resources$ResourceTable;Ljava/util/function/Predicate;Ljava/util/func

Classes redefined (0 events):
No events

Internal exceptions (10 events):
Event: 1.304 Thread 0x0000022c11f69800 Implicit null exception at 0x0000022c139778ef to 0x0000022c13977959
Event: 1.380 Thread 0x0000022c11f69800 Exception <a 'java/lang/NoSuchMethodError': java.lang.Object.lambda$comparing$77a9974f$1(Ljava/util/function/Function;Ljava/lang/Object;Ljava/lang/Object;)I> (0x00000000ec1b3c30) thrown at [J:\jenkins\tmp\workspace\build\src\hotspot\src\share\vm\interpret
Event: 1.382 Thread 0x0000022c11f69800 Exception <a 'java/lang/NoSuchMethodError': java.lang.Object.lambda$comparing$ea9a8b3a$1(Ljava/util/Comparator;Ljava/util/function/Function;Ljava/lang/Object;Ljava/lang/Object;)I> (0x00000000ec1d65b0) thrown at [J:\jenkins\tmp\workspace\build\src\hotspot\
Event: 1.394 Thread 0x0000022c11f69800 Exception <a 'java/lang/NoSuchMethodError': java.lang.Object.lambda$andThen$1(Ljava/util/function/Function;Ljava/lang/Object;)Ljava/lang/Object;> (0x00000000ec3030a0) thrown at [J:\jenkins\tmp\workspace\build\src\hotspot\src\share\vm\interpreter\linkResol
Event: 1.400 Thread 0x0000022c11f69800 Exception <a 'java/lang/NoSuchMethodError': java.lang.Object.lambda$minBy$0(Ljava/util/Comparator;Ljava/lang/Object;Ljava/lang/Object;)Ljava/lang/Object;> (0x00000000ec385050) thrown at [J:\jenkins\tmp\workspace\build\src\hotspot\src\share\vm\interpreter\
Event: 1.432 Thread 0x0000022c11f69800 Exception <a 'java/lang/NoSuchMethodError': java.lang.Object.lambda$maxBy$1(Ljava/util/Comparator;Ljava/lang/Object;Ljava/lang/Object;)Ljava/lang/Object;> (0x00000000ec78a1f8) thrown at [J:\jenkins\tmp\workspace\build\src\hotspot\src\share\vm\interpreter\
Event: 1.434 Thread 0x0000022c11f69800 Exception <a 'java/lang/NoSuchMethodError': java.lang.Object.lambda$thenComparing$36697e65$1(Ljava/util/Comparator;Ljava/lang/Object;Ljava/lang/Object;)I> (0x00000000ec7aef18) thrown at [J:\jenkins\tmp\workspace\build\src\hotspot\src\share\vm\interpreter\
Event: 1.471 Thread 0x0000022c11f69800 Exception <a 'java/lang/NoSuchMethodError': java.lang.Object.lambda$withSplitsRequired$1(ZLcom/android/tools/build/bundletool/model/ManifestEditor;)V> (0x00000000ed2ef440) thrown at [J:\jenkins\tmp\workspace\build\src\hotspot\src\share\vm\interpreter\link
Event: 1.897 Thread 0x0000022c11f69800 Exception <a 'java/lang/NoSuchMethodError': java.lang.Object.lambda$withExtractNativeLibs$0(ZLcom/android/tools/build/bundletool/model/ManifestEditor;)V> (0x00000000ed58db18) thrown at [J:\jenkins\tmp\workspace\build\src\hotspot\src\share\vm\interpreter\l
Event: 1.904 Thread 0x0000022c11f69800 Implicit null exception at 0x0000022c13f2d71b to 0x0000022c13f2d891

Events (10 events):
Event: 1.979 Thread 0x0000022c11f69800 DEOPT PACKING pc=0x0000022c140e002c sp=0x0000004577ffe9a0
Event: 1.979 Thread 0x0000022c11f69800 DEOPT UNPACKING pc=0x0000022c13855583 sp=0x0000004577ffe9e0 mode 2
Event: 1.982 Thread 0x0000022c11f69800 Uncommon trap: trap_request=0xffffffde fr.pc=0x0000022c140e002c
Event: 1.982 Thread 0x0000022c11f69800 DEOPT PACKING pc=0x0000022c140e002c sp=0x0000004577ffe9a0
Event: 1.982 Thread 0x0000022c11f69800 DEOPT UNPACKING pc=0x0000022c13855583 sp=0x0000004577ffe9e0 mode 2
Event: 1.985 Executing VM operation: ForceSafepoint
Event: 1.985 Executing VM operation: ForceSafepoint done
Event: 1.987 Thread 0x0000022c11f69800 Uncommon trap: trap_request=0xffffffde fr.pc=0x0000022c140e002c
Event: 1.987 Thread 0x0000022c11f69800 DEOPT PACKING pc=0x0000022c140e002c sp=0x0000004577ffe9a0
Event: 1.987 Thread 0x0000022c11f69800 DEOPT UNPACKING pc=0x0000022c13855583 sp=0x0000004577ffe9e0 mode 2


Dynamic libraries:
0x00007ff7cf780000 - 0x00007ff7cf7ba000 	C:\Program Files\Eclipse Foundation\jdk-8.0.302.8-hotspot\bin\java.exe
0x00007ffcd5230000 - 0x00007ffcd5428000 	C:\WINDOWS\SYSTEM32\ntdll.dll
0x00007ffcd4e50000 - 0x00007ffcd4f0f000 	C:\WINDOWS\System32\KERNEL32.DLL
0x00007ffcd2d80000 - 0x00007ffcd3052000 	C:\WINDOWS\System32\KERNELBASE.dll
0x00007ffcd3270000 - 0x00007ffcd331e000 	C:\WINDOWS\System32\ADVAPI32.dll
0x00007ffcd36b0000 - 0x00007ffcd374e000 	C:\WINDOWS\System32\msvcrt.dll
0x00007ffcd39f0000 - 0x00007ffcd3a8c000 	C:\WINDOWS\System32\sechost.dll
0x00007ffcd4f10000 - 0x00007ffcd5035000 	C:\WINDOWS\System32\RPCRT4.dll
0x00007ffcd5040000 - 0x00007ffcd51e1000 	C:\WINDOWS\System32\USER32.dll
0x00007ffcd2b50000 - 0x00007ffcd2b72000 	C:\WINDOWS\System32\win32u.dll
0x00007ffcd3680000 - 0x00007ffcd36ab000 	C:\WINDOWS\System32\GDI32.dll
0x00007ffcd3160000 - 0x00007ffcd326f000 	C:\WINDOWS\System32\gdi32full.dll
0x00007ffcd2920000 - 0x00007ffcd29bd000 	C:\WINDOWS\System32\msvcp_win.dll
0x00007ffcd2a50000 - 0x00007ffcd2b50000 	C:\WINDOWS\System32\ucrtbase.dll
0x00007ffcb4c50000 - 0x00007ffcb4eea000 	C:\WINDOWS\WinSxS\amd64_microsoft.windows.common-controls_6595b64144ccf1df_6.0.19041.1110_none_60b5254171f9507e\COMCTL32.dll
0x00007ffcd49f0000 - 0x00007ffcd4a22000 	C:\WINDOWS\System32\IMM32.DLL
0x00007ffc8f730000 - 0x00007ffc8f81f000 	C:\Program Files\Eclipse Foundation\jdk-8.0.302.8-hotspot\jre\bin\msvcr120.dll
0x00007ffc8f680000 - 0x00007ffc8f726000 	C:\Program Files\Eclipse Foundation\jdk-8.0.302.8-hotspot\jre\bin\msvcp120.dll
0x0000000058a00000 - 0x000000005926b000 	C:\Program Files\Eclipse Foundation\jdk-8.0.302.8-hotspot\jre\bin\server\jvm.dll
0x00007ffcd4c90000 - 0x00007ffcd4c98000 	C:\WINDOWS\System32\PSAPI.DLL
0x00007ffcbff70000 - 0x00007ffcbff79000 	C:\WINDOWS\SYSTEM32\WSOCK32.dll
0x00007ffcb4b30000 - 0x00007ffcb4b57000 	C:\WINDOWS\SYSTEM32\WINMM.dll
0x00007ffcd4b00000 - 0x00007ffcd4b6b000 	C:\WINDOWS\System32\WS2_32.dll
0x00007ffcccdb0000 - 0x00007ffcccdba000 	C:\WINDOWS\SYSTEM32\VERSION.dll
0x00007ffcc2b90000 - 0x00007ffcc2b9f000 	C:\Program Files\Eclipse Foundation\jdk-8.0.302.8-hotspot\jre\bin\verify.dll
0x00007ffc9e400000 - 0x00007ffc9e429000 	C:\Program Files\Eclipse Foundation\jdk-8.0.302.8-hotspot\jre\bin\java.dll
0x00007ffcab450000 - 0x00007ffcab466000 	C:\Program Files\Eclipse Foundation\jdk-8.0.302.8-hotspot\jre\bin\zip.dll
0x00007ffcd3af0000 - 0x00007ffcd4235000 	C:\WINDOWS\System32\SHELL32.dll
0x00007ffcd08a0000 - 0x00007ffcd1032000 	C:\WINDOWS\SYSTEM32\windows.storage.dll
0x00007ffcd3320000 - 0x00007ffcd3675000 	C:\WINDOWS\System32\combase.dll
0x00007ffcd2380000 - 0x00007ffcd23b0000 	C:\WINDOWS\SYSTEM32\Wldp.dll
0x00007ffcd4780000 - 0x00007ffcd482d000 	C:\WINDOWS\System32\SHCORE.dll
0x00007ffcd3a90000 - 0x00007ffcd3ae5000 	C:\WINDOWS\System32\shlwapi.dll
0x00007ffcd2860000 - 0x00007ffcd287f000 	C:\WINDOWS\SYSTEM32\profapi.dll
0x00007ffca9240000 - 0x00007ffca925a000 	C:\Program Files\Eclipse Foundation\jdk-8.0.302.8-hotspot\jre\bin\net.dll
0x00007ffcd20e0000 - 0x00007ffcd214a000 	C:\WINDOWS\system32\mswsock.dll
0x00007ffca5f10000 - 0x00007ffca5f22000 	C:\Program Files\Eclipse Foundation\jdk-8.0.302.8-hotspot\jre\bin\nio.dll
0x00007ffc97e10000 - 0x00007ffc97e33000 	C:\Program Files\Eclipse Foundation\jdk-8.0.302.8-hotspot\jre\bin\sunec.dll
0x00007ffcd22e0000 - 0x00007ffcd22f8000 	C:\WINDOWS\SYSTEM32\CRYPTSP.dll
0x00007ffcd1880000 - 0x00007ffcd18b4000 	C:\WINDOWS\system32\rsaenh.dll
0x00007ffcd2d50000 - 0x00007ffcd2d77000 	C:\WINDOWS\System32\bcrypt.dll
0x00007ffcd2820000 - 0x00007ffcd284e000 	C:\WINDOWS\SYSTEM32\USERENV.dll
0x00007ffcd29c0000 - 0x00007ffcd2a42000 	C:\WINDOWS\System32\bcryptprimitives.dll
0x00007ffcd22d0000 - 0x00007ffcd22dc000 	C:\WINDOWS\SYSTEM32\CRYPTBASE.dll
0x00007ffcd1d80000 - 0x00007ffcd1dbb000 	C:\WINDOWS\SYSTEM32\IPHLPAPI.DLL
0x00007ffcd4770000 - 0x00007ffcd4778000 	C:\WINDOWS\System32\NSI.dll
0x00007ffccbe90000 - 0x00007ffccbea7000 	C:\WINDOWS\SYSTEM32\dhcpcsvc6.DLL
0x00007ffccbe70000 - 0x00007ffccbe8d000 	C:\WINDOWS\SYSTEM32\dhcpcsvc.DLL
0x00007ffcd1dd0000 - 0x00007ffcd1e9b000 	C:\WINDOWS\SYSTEM32\DNSAPI.dll
0x00007ffcc97f0000 - 0x00007ffcc97fa000 	C:\Windows\System32\rasadhlp.dll
0x00007ffcc7720000 - 0x00007ffcc77a0000 	C:\WINDOWS\System32\fwpuclnt.dll

VM Arguments:
jvm_args: -Xmx1G 
java_command: C:\Program Files (x86)\Microsoft Visual Studio\2019\Enterprise\MSBuild\Xamarin\Android\bundletool.jar build-apks --connected-device --bundle obj\Debug\110\android\bin\cpc.vttbbarcode.aab --output obj\Debug\110\android\bin\cpc.vttbbarcode.apks --mode default --adb D:\Android\android-sdk-xamarin\android-sdk\platform-tools\adb.exe --device-id emulator-5554 --aapt2 C:\Program Files (x86)\Microsoft Visual Studio\2019\Enterprise\MSBuild\Xamarin\Android\aapt2.exe --ks C:\Users\Administrator\AppData\Local\Xamarin\Mono for Android\debug.keystore --ks-key-alias androiddebugkey --key-pass pass:android --ks-pass pass:android
java_class_path (initial): C:\Program Files (x86)\Microsoft Visual Studio\2019\Enterprise\MSBuild\Xamarin\Android\bundletool.jar
Launcher Type: SUN_STANDARD

Environment Variables:
PATH=C:\Program Files\Eclipse Foundation\jdk-8.0.302.8-hotspot\bin;C:\Program Files\Microsoft\jdk-11.0.12.7-hotspot\bin;C:\Program Files\Microsoft MPI\Bin\;C:\Oracle\11.2.0\client_1;C:\Program Files (x86)\Eziriz\.NET Reactor;C:\ProgramData\Oracle\Java\javapath;D:\app\Hung\product\11.2.0\client_2\bin;D:\app\Hung\product\11.2.0\client_1;C:\Program Files (x86)\Common Files\Oracle\Java\javapath;C:\WINDOWS\system32;C:\WINDOWS;C:\WINDOWS\System32\Wbem;C:\WINDOWS\System32\WindowsPowerShell\v1.0\;C:\WINDOWS\System32\OpenSSH\;C:\Program Files (x86)\Microsoft SQL Server\140\Tools\Binn\;C:\Program Files\Microsoft SQL Server\140\Tools\Binn\;C:\Program Files (x86)\Microsoft SQL Server\140\DTS\Binn\;C:\Program Files\Microsoft SQL Server\140\DTS\Binn\;C:\Program Files\Microsoft SQL Server\Client SDK\ODBC\130\Tools\Binn\;C:\Program Files\Git\cmd;C:\Program Files\dotnet\;C:\Program Files\Microsoft SQL Server\130\Tools\Binn\;C:\Program Files (x86)\Microsoft SQL Server\Client SDK\ODBC\130\Tools\Binn\;C:\Program Files (x86)\Microsoft SQL Server\140\Tools\Binn\ManagementStudio\;C:\Program Files (x86)\Microsoft SQL Server\90\Tools\binn\;C:\Program Files\Eclipse Foundation\jdk1.7.0_80;C:\Users\Administrator\AppData\Local\Microsoft\WindowsApps;C:\Users\Administrator\.dotnet\tools;C:\Users\Administrator\AppData\Local\GitHubDesktop\bin;C:\Users\Administrator\.dotnet\tools
USERNAME=Administrator
OS=Windows_NT
PROCESSOR_IDENTIFIER=Intel64 Family 6 Model 94 Stepping 3, GenuineIntel



---------------  S Y S T E M  ---------------

OS: Windows 10.0 , 64 bit Build 19041 (10.0.19041.2546)

CPU:total 8 (initial active 8) (4 cores per cpu, 2 threads per core) family 6 model 94 stepping 3, cmov, cx8, fxsr, mmx, sse, sse2, sse3, ssse3, sse4.1, sse4.2, popcnt, avx, avx2, aes, clmul, erms, rtm, 3dnowpref, lzcnt, ht, tsc, tscinvbit, bmi1, bmi2, adx

Memory: 4k page, physical 33431352k(2803736k free), swap 33431352k(11320k free)

vm_info: OpenJDK 64-Bit Server VM (25.302-b08) for windows-amd64 JRE (1.8.0_302-b08), built on Jul 20 2021 21:31:03 by "jenkins" with MS VC++ 12.0 (VS2013)

time: Mon Mar 13 16:50:04 2023
timezone: SE Asia Standard Time
elapsed time: 2.060861 seconds (0d 0h 0m 2s)

