#
# There is insufficient memory for the Java Runtime Environment to continue.
# Native memory allocation (mmap) failed to map 536870912 bytes for Failed to commit area from 0x0000000601e00000 to 0x0000000621e00000 of length 536870912.
# Possible reasons:
#   The system is out of physical RAM or swap space
#   The process is running with CompressedOops enabled, and the Java Heap may be blocking the growth of the native heap
# Possible solutions:
#   Reduce memory load on the system
#   Increase physical memory or swap space
#   Check if swap backing store is full
#   Decrease Java heap size (-Xmx/-Xms)
#   Decrease number of Java threads
#   Decrease Java thread stack sizes (-Xss)
#   Set larger code cache with -XX:ReservedCodeCacheSize=
# This output file may be truncated or incomplete.
#
#  Out of Memory Error (./src/hotspot/os/windows/os_windows.cpp:3380), pid=12148, tid=25964
#
# JRE version:  (11.0.12+7) (build )
# Java VM: OpenJDK 64-Bit Server VM (11.0.12+7, mixed mode, sharing, tiered, compressed oops, g1 gc, windows-amd64)
# No core dump will be written. Minidumps are not enabled by default on client versions of Windows
#

---------------  S U M M A R Y ------------

Command Line: 

Host: Intel(R) Core(TM) i7-6700K CPU @ 4.00GHz, 8 cores, 31G,  Windows 10 , 64 bit Build 19041 (10.0.19041.2913)
Time: Fri May 19 14:01:08 2023 SE Asia Standard Time elapsed time: 0.009129 seconds (0d 0h 0m 0s)

---------------  T H R E A D  ---------------

Current thread (0x000002063f1ed000):  JavaThread "Unknown thread" [_thread_in_vm, id=25964, stack(0x000000a2e4a00000,0x000000a2e4b00000)]

Stack: [0x000000a2e4a00000,0x000000a2e4b00000]
Native frames: (J=compiled Java code, j=interpreted, Vv=VM code, C=native code)
V  [jvm.dll+0x6090fa]
V  [jvm.dll+0x79229e]
V  [jvm.dll+0x79396f]
V  [jvm.dll+0x794033]
V  [jvm.dll+0x24bed8]
V  [jvm.dll+0x60624a]
V  [jvm.dll+0x5facf5]
V  [jvm.dll+0x303b5c]
V  [jvm.dll+0x3039e2]
V  [jvm.dll+0x308706]
V  [jvm.dll+0x34d5cf]
V  [jvm.dll+0x34d000]
V  [jvm.dll+0x2e0c68]
V  [jvm.dll+0x2e1dc6]
V  [jvm.dll+0x76d627]
V  [jvm.dll+0x76edaf]
V  [jvm.dll+0x35a359]
V  [jvm.dll+0x750710]
V  [jvm.dll+0x3c1f8f]
V  [jvm.dll+0x3c4461]
C  [jli.dll+0x5207]
C  [ucrtbase.dll+0x21bb2]
C  [KERNEL32.DLL+0x17614]
C  [ntdll.dll+0x526a1]


---------------  P R O C E S S  ---------------

Threads class SMR info:
_java_thread_list=0x000002063f015cb0, length=0, elements={
}

Java Threads: ( => current thread )

Other Threads:
  0x000002063f204000 GCTaskThread "GC Thread#0" [stack: 0x000000a2e4b00000,0x000000a2e4c00000] [id=28248]
  0x000002063f284800 ConcurrentGCThread "G1 Main Marker" [stack: 0x000000a2e4c00000,0x000000a2e4d00000] [id=9332]
  0x000002063f288000 ConcurrentGCThread "G1 Conc#0" [stack: 0x000000a2e4d00000,0x000000a2e4e00000] [id=12336]

[error occurred during error reporting (printing all threads), id 0xc0000005, EXCEPTION_ACCESS_VIOLATION (0xc0000005) at pc=0x00007ffef2d50337]

VM state:not at safepoint (not fully initialized)

VM Mutex/Monitor currently owned by a thread:  ([mutex/lock_event])
[0x000002063f1ea8d0] Heap_lock - owner thread: 0x000002063f1ed000

Heap address: 0x0000000601e00000, size: 8162 MB, Compressed Oops mode: Non-zero based: 0x0000000601e00000
Narrow klass base: 0x0000000000000000, Narrow klass shift: 0

GC Heap History (0 events):
No events

Deoptimization events (0 events):
No events

Classes redefined (0 events):
No events

Internal exceptions (0 events):
No events

Events (1 events):
Event: 0.005 Loaded shared library C:\Program Files\Microsoft\jdk-11.0.12.7-hotspot\bin\zip.dll


Dynamic libraries:
0x00007ff6c4840000 - 0x00007ff6c484d000 	C:\Program Files\Microsoft\jdk-11.0.12.7-hotspot\bin\java.exe
0x00007fff473f0000 - 0x00007fff475e8000 	C:\WINDOWS\SYSTEM32\ntdll.dll
0x00007fff45f10000 - 0x00007fff45fcf000 	C:\WINDOWS\System32\KERNEL32.DLL
0x00007fff45080000 - 0x00007fff45376000 	C:\WINDOWS\System32\KERNELBASE.dll
0x00007fff44e30000 - 0x00007fff44f30000 	C:\WINDOWS\System32\ucrtbase.dll
0x00007fff3da50000 - 0x00007fff3da67000 	C:\Program Files\Microsoft\jdk-11.0.12.7-hotspot\bin\jli.dll
0x00007fff1cd20000 - 0x00007fff1cd35000 	C:\Program Files\Microsoft\jdk-11.0.12.7-hotspot\bin\VCRUNTIME140.dll
0x00007fff46210000 - 0x00007fff463ad000 	C:\WINDOWS\System32\USER32.dll
0x00007fff45050000 - 0x00007fff45072000 	C:\WINDOWS\System32\win32u.dll
0x00007fff47190000 - 0x00007fff471bc000 	C:\WINDOWS\System32\GDI32.dll
0x00007fff2f110000 - 0x00007fff2f3aa000 	C:\WINDOWS\WinSxS\amd64_microsoft.windows.common-controls_6595b64144ccf1df_6.0.19041.1110_none_60b5254171f9507e\COMCTL32.dll
0x00007fff44f30000 - 0x00007fff45045000 	C:\WINDOWS\System32\gdi32full.dll
0x00007fff45d60000 - 0x00007fff45dfe000 	C:\WINDOWS\System32\msvcrt.dll
0x00007fff453b0000 - 0x00007fff4544d000 	C:\WINDOWS\System32\msvcp_win.dll
0x00007fff47230000 - 0x00007fff47260000 	C:\WINDOWS\System32\IMM32.DLL
0x00007fff0e880000 - 0x00007fff0e91b000 	C:\Program Files\Microsoft\jdk-11.0.12.7-hotspot\bin\msvcp140.dll
0x00007ffef2a60000 - 0x00007ffef35c1000 	C:\Program Files\Microsoft\jdk-11.0.12.7-hotspot\bin\server\jvm.dll
0x00007fff47260000 - 0x00007fff4730f000 	C:\WINDOWS\System32\ADVAPI32.dll
0x00007fff47310000 - 0x00007fff473ac000 	C:\WINDOWS\System32\sechost.dll
0x00007fff46d30000 - 0x00007fff46e56000 	C:\WINDOWS\System32\RPCRT4.dll
0x00007fff46150000 - 0x00007fff46158000 	C:\WINDOWS\System32\PSAPI.DLL
0x00007fff3b450000 - 0x00007fff3b459000 	C:\WINDOWS\SYSTEM32\WSOCK32.dll
0x00007fff3f8e0000 - 0x00007fff3f8ea000 	C:\WINDOWS\SYSTEM32\VERSION.dll
0x00007fff2f3b0000 - 0x00007fff2f3d7000 	C:\WINDOWS\SYSTEM32\WINMM.dll
0x00007fff471c0000 - 0x00007fff4722b000 	C:\WINDOWS\System32\WS2_32.dll
0x00007fff42810000 - 0x00007fff42822000 	C:\WINDOWS\SYSTEM32\kernel.appcore.dll
0x00007fff405a0000 - 0x00007fff405b0000 	C:\Program Files\Microsoft\jdk-11.0.12.7-hotspot\bin\verify.dll
0x00007fff3ead0000 - 0x00007fff3ecb4000 	C:\WINDOWS\SYSTEM32\DBGHELP.DLL
0x00007fff3e910000 - 0x00007fff3e944000 	C:\WINDOWS\SYSTEM32\dbgcore.DLL
0x00007fff44da0000 - 0x00007fff44e22000 	C:\WINDOWS\System32\bcryptPrimitives.dll
0x00007fff1ccf0000 - 0x00007fff1cd18000 	C:\Program Files\Microsoft\jdk-11.0.12.7-hotspot\bin\java.dll
0x00007fff28aa0000 - 0x00007fff28aaa000 	C:\Program Files\Microsoft\jdk-11.0.12.7-hotspot\bin\jimage.dll
0x00007fff1ccd0000 - 0x00007fff1cce7000 	C:\Program Files\Microsoft\jdk-11.0.12.7-hotspot\bin\zip.dll

dbghelp: loaded successfully - version: 4.0.5 - missing functions: none
symbol engine: initialized successfully - sym options: 0x614 - pdb path: .;C:\Program Files\Microsoft\jdk-11.0.12.7-hotspot\bin;C:\WINDOWS\SYSTEM32;C:\WINDOWS\WinSxS\amd64_microsoft.windows.common-controls_6595b64144ccf1df_6.0.19041.1110_none_60b5254171f9507e;C:\Program Files\Microsoft\jdk-11.0.12.7-hotspot\bin\server

VM Arguments:
java_command: <unknown>
java_class_path (initial): <not set>
Launcher Type: SUN_STANDARD

[Global flags]
     intx CICompilerCount                          = 4                                         {product} {ergonomic}
     uint ConcGCThreads                            = 2                                         {product} {ergonomic}
     uint G1ConcRefinementThreads                  = 8                                         {product} {ergonomic}
   size_t G1HeapRegionSize                         = 2097152                                   {product} {ergonomic}
    uintx GCDrainStackTargetSize                   = 64                                        {product} {ergonomic}
   size_t InitialHeapSize                          = 536870912                                 {product} {ergonomic}
   size_t MarkStackSize                            = 4194304                                   {product} {ergonomic}
   size_t MaxHeapSize                              = 8558477312                                {product} {ergonomic}
   size_t MinHeapDeltaBytes                        = 2097152                                   {product} {ergonomic}
    uintx NonNMethodCodeHeapSize                   = 5836300                                {pd product} {ergonomic}
    uintx NonProfiledCodeHeapSize                  = 122910970                              {pd product} {ergonomic}
    uintx ProfiledCodeHeapSize                     = 122910970                              {pd product} {ergonomic}
    uintx ReservedCodeCacheSize                    = 251658240                              {pd product} {ergonomic}
     bool SegmentedCodeCache                       = true                                      {product} {ergonomic}
     bool UseCompressedClassPointers               = true                                 {lp64_product} {ergonomic}
     bool UseCompressedOops                        = true                                 {lp64_product} {ergonomic}
     bool UseG1GC                                  = true                                      {product} {ergonomic}
     bool UseLargePagesIndividualAllocation        = false                                  {pd product} {ergonomic}

Logging:
Log output configuration:
 #0: stdout all=warning uptime,level,tags
 #1: stderr all=off uptime,level,tags

Environment Variables:
PATH=C:\Program Files\Eclipse Foundation\jdk-8.0.302.8-hotspot\bin;C:\Program Files\Microsoft\jdk-11.0.12.7-hotspot\bin;C:\Program Files\Microsoft MPI\Bin\;C:\Oracle\11.2.0\client_1;C:\Program Files (x86)\Eziriz\.NET Reactor;C:\ProgramData\Oracle\Java\javapath;D:\app\Hung\product\11.2.0\client_2\bin;D:\app\Hung\product\11.2.0\client_1;C:\Program Files (x86)\Common Files\Oracle\Java\javapath;C:\WINDOWS\system32;C:\WINDOWS;C:\WINDOWS\System32\Wbem;C:\WINDOWS\System32\WindowsPowerShell\v1.0\;C:\WINDOWS\System32\OpenSSH\;C:\Program Files (x86)\Microsoft SQL Server\140\Tools\Binn\;C:\Program Files\Microsoft SQL Server\140\Tools\Binn\;C:\Program Files (x86)\Microsoft SQL Server\140\DTS\Binn\;C:\Program Files\Microsoft SQL Server\140\DTS\Binn\;C:\Program Files\Microsoft SQL Server\Client SDK\ODBC\130\Tools\Binn\;C:\Program Files\Git\cmd;C:\Program Files\dotnet\;C:\Program Files\Microsoft SQL Server\130\Tools\Binn\;C:\Program Files (x86)\Microsoft SQL Server\Client SDK\ODBC\130\Tools\Binn\;C:\Program Files (x86)\Microsoft SQL Server\140\Tools\Binn\ManagementStudio\;C:\Program Files (x86)\Microsoft SQL Server\90\Tools\binn\;C:\Program Files\Eclipse Foundation\jdk1.7.0_80;C:\Users\Administrator\AppData\Local\Microsoft\WindowsApps;C:\Users\Administrator\.dotnet\tools;C:\Users\Administrator\AppData\Local\GitHubDesktop\bin;C:\Users\Administrator\.dotnet\tools
USERNAME=Administrator
OS=Windows_NT
PROCESSOR_IDENTIFIER=Intel64 Family 6 Model 94 Stepping 3, GenuineIntel



---------------  S Y S T E M  ---------------

OS: Windows 10 , 64 bit Build 19041 (10.0.19041.2913)
OS uptime: 7 days 9:07 hours

CPU:total 8 (initial active 8) (4 cores per cpu, 2 threads per core) family 6 model 94 stepping 3 microcode 0xcc, cmov, cx8, fxsr, mmx, sse, sse2, sse3, ssse3, sse4.1, sse4.2, popcnt, avx, avx2, aes, clmul, erms, rtm, 3dnowpref, lzcnt, ht, tsc, tscinvbit, bmi1, bmi2, adx, fma

Memory: 4k page, system-wide physical 32647M (2002M free)
TotalPageFile size 32647M (AvailPageFile size 28M)
current process WorkingSet (physical memory assigned to process): 10M, peak: 10M
current process commit charge ("private bytes"): 60M, peak: 572M

vm_info: OpenJDK 64-Bit Server VM (11.0.12+7) for windows-amd64 JRE (11.0.12+7), built on Jul 21 2021 15:41:43 by "" with unknown MS VC++:1916

END.
