#
# There is insufficient memory for the Java Runtime Environment to continue.
# Native memory allocation (malloc) failed to allocate 1074336 bytes for Chunk::new
# Possible reasons:
#   The system is out of physical RAM or swap space
#   The process is running with CompressedOops enabled, and the Java Heap may be blocking the growth of the native heap
# Possible solutions:
#   Reduce memory load on the system
#   Increase physical memory or swap space
#   Check if swap backing store is full
#   Decrease Java heap size (-Xmx/-Xms)
#   Decrease number of Java threads
#   Decrease Java thread stack sizes (-Xss)
#   Set larger code cache with -XX:ReservedCodeCacheSize=
#   JVM is running with Zero Based Compressed Oops mode in which the Java heap is
#     placed in the first 32GB address space. The Java Heap base address is the
#     maximum limit for the native heap growth. Please use -XX:HeapBaseMinAddress
#     to set the Java Heap base and to place the Java Heap above 32GB virtual address.
# This output file may be truncated or incomplete.
#
#  Out of Memory Error (allocation.cpp:389), pid=10444, tid=0x0000000000003990
#
# JRE version: OpenJDK Runtime Environment (8.0_302-b08) (build 1.8.0_302-b08)
# Java VM: OpenJDK 64-Bit Server VM (25.302-b08 mixed mode windows-amd64 compressed oops)
# Failed to write core dump. Minidumps are not enabled by default on client versions of Windows
#

---------------  T H R E A D  ---------------

Current thread (0x0000026af2cb0000):  JavaThread "C2 CompilerThread1" daemon [_thread_in_native, id=14736, stack(0x000000ac09900000,0x000000ac09a00000)]

Stack: [0x000000ac09900000,0x000000ac09a00000]
[error occurred during error reporting (printing stack bounds), id 0xc0000005]

Native frames: (J=compiled Java code, j=interpreted, Vv=VM code, C=native code)


Current CompileTask:
C2:   2571 2193       4       org.objectweb.asm.signature.SignatureReader::parseType (415 bytes)


---------------  P R O C E S S  ---------------

Java Threads: ( => current thread )
  0x0000026af4626800 JavaThread "pool-1-thread-10" [_thread_blocked, id=23332, stack(0x000000ac0a700000,0x000000ac0a800000)]
  0x0000026af4620000 JavaThread "pool-1-thread-9" [_thread_blocked, id=16564, stack(0x000000ac0a600000,0x000000ac0a700000)]
  0x0000026af4618800 JavaThread "pool-1-thread-8" [_thread_in_native, id=15204, stack(0x000000ac0a500000,0x000000ac0a600000)]
  0x0000026af4610000 JavaThread "pool-1-thread-7" [_thread_blocked, id=18332, stack(0x000000ac0a400000,0x000000ac0a500000)]
  0x0000026af460f800 JavaThread "pool-1-thread-6" [_thread_blocked, id=25104, stack(0x000000ac0a300000,0x000000ac0a400000)]
  0x0000026af460e800 JavaThread "pool-1-thread-5" [_thread_blocked, id=23428, stack(0x000000ac0a200000,0x000000ac0a300000)]
  0x0000026af460d000 JavaThread "pool-1-thread-4" [_thread_blocked, id=29820, stack(0x000000ac0a100000,0x000000ac0a200000)]
  0x0000026af4604000 JavaThread "pool-1-thread-3" [_thread_blocked, id=28396, stack(0x000000ac0a000000,0x000000ac0a100000)]
  0x0000026af45f5800 JavaThread "pool-1-thread-2" [_thread_blocked, id=27828, stack(0x000000ac09f00000,0x000000ac0a000000)]
  0x0000026af45f4800 JavaThread "pool-1-thread-1" [_thread_blocked, id=25308, stack(0x000000ac09e00000,0x000000ac09f00000)]
  0x0000026af4098800 JavaThread "Service Thread" daemon [_thread_blocked, id=11136, stack(0x000000ac09c00000,0x000000ac09d00000)]
  0x0000026af2cbe000 JavaThread "C1 CompilerThread3" daemon [_thread_blocked, id=21684, stack(0x000000ac09b00000,0x000000ac09c00000)]
  0x0000026af2cb5800 JavaThread "C2 CompilerThread2" daemon [_thread_in_native, id=23272, stack(0x000000ac09a00000,0x000000ac09b00000)]
=>0x0000026af2cb0000 JavaThread "C2 CompilerThread1" daemon [_thread_in_native, id=14736, stack(0x000000ac09900000,0x000000ac09a00000)]
  0x0000026af2cb4000 JavaThread "C2 CompilerThread0" daemon [_thread_in_vm, id=27276, stack(0x000000ac09800000,0x000000ac09900000)]
  0x0000026af2ca2000 JavaThread "Attach Listener" daemon [_thread_blocked, id=26448, stack(0x000000ac09700000,0x000000ac09800000)]
  0x0000026af2c9d800 JavaThread "Signal Dispatcher" daemon [_thread_blocked, id=23700, stack(0x000000ac09600000,0x000000ac09700000)]
  0x0000026af2c75800 JavaThread "Finalizer" daemon [_thread_blocked, id=9312, stack(0x000000ac09500000,0x000000ac09600000)]
  0x0000026af2c6e000 JavaThread "Reference Handler" daemon [_thread_blocked, id=10536, stack(0x000000ac09400000,0x000000ac09500000)]
  0x0000026addf3d800 JavaThread "main" [_thread_blocked, id=26456, stack(0x000000ac08a00000,0x000000ac08b00000)]

Other Threads:
  0x0000026af2c40800 VMThread [stack: 0x000000ac09300000,0x000000ac09400000] [id=26000]
  0x0000026af2d1d000 WatcherThread [stack: 0x000000ac09d00000,0x000000ac09e00000] [id=29684]

VM state:not at safepoint (normal execution)

VM Mutex/Monitor currently owned by a thread: None

heap address: 0x00000005c1e00000, size: 8162 MB, Compressed Oops mode: Zero based, Oop shift amount: 3
Narrow klass base: 0x0000000000000000, Narrow klass shift: 3
Compressed class space size: 1073741824 Address: 0x00000007c0000000

Heap:
 PSYoungGen      total 284672K, used 265593K [0x0000000715f80000, 0x0000000728a80000, 0x00000007c0000000)
  eden space 263168K, 92% used [0x0000000715f80000,0x0000000724de5ec8,0x0000000726080000)
  from space 21504K, 99% used [0x0000000727580000,0x0000000728a78800,0x0000000728a80000)
  to   space 21504K, 0% used [0x0000000726080000,0x0000000726080000,0x0000000727580000)
 ParOldGen       total 349696K, used 10646K [0x00000005c1e00000, 0x00000005d7380000, 0x0000000715f80000)
  object space 349696K, 3% used [0x00000005c1e00000,0x00000005c2865b70,0x00000005d7380000)
 Metaspace       used 9747K, capacity 9846K, committed 9984K, reserved 1058816K
  class space    used 900K, capacity 915K, committed 1024K, reserved 1048576K

Card table byte_map: [0x0000026aeec30000,0x0000026aefc30000] byte_map_base: 0x0000026aebe21000

Marking Bits: (ParMarkBitMap*) 0x0000000066b7c820
 Begin Bits: [0x0000026a80000000, 0x0000026a87f88000)
 End Bits:   [0x0000026a87f88000, 0x0000026a8ff10000)

Polling page: 0x0000026ade090000

CodeCache: size=245760Kb used=8670Kb max_used=8681Kb free=237089Kb
 bounds [0x0000026adf870000, 0x0000026ae0100000, 0x0000026aee870000]
 total_blobs=2517 nmethods=2173 adapters=256
 compilation: enabled

Compilation events (10 events):
Event: 2.559 Thread 0x0000026af2cbe000 2219       2       java.util.zip.ZipEntry::setLastModifiedTime (29 bytes)
Event: 2.559 Thread 0x0000026af2cbe000 nmethod 2219 0x0000026ae00b3150 code [0x0000026ae00b32e0, 0x0000026ae00b3570]
Event: 2.559 Thread 0x0000026af2cbe000 2220       2       java.util.concurrent.TimeUnit$4::toMillis (11 bytes)
Event: 2.559 Thread 0x0000026af2cbe000 nmethod 2220 0x0000026ae00b2dd0 code [0x0000026ae00b2f20, 0x0000026ae00b30d8]
Event: 2.559 Thread 0x0000026af2cbe000 2221       2       java.util.concurrent.TimeUnit$1::toMillis (6 bytes)
Event: 2.559 Thread 0x0000026af2cbe000 nmethod 2221 0x0000026ae00b2a50 code [0x0000026ae00b2ba0, 0x0000026ae00b2d18]
Event: 2.559 Thread 0x0000026af2cbe000 2222       2       java.util.zip.ZipUtils::javaToExtendedDosTime (40 bytes)
Event: 2.560 Thread 0x0000026af2cbe000 nmethod 2222 0x0000026ae00b2610 code [0x0000026ae00b2780, 0x0000026ae00b2990]
Event: 2.560 Thread 0x0000026af2cbe000 2223       2       java.util.zip.ZipUtils::javaToDosTime (79 bytes)
Event: 2.560 Thread 0x0000026af2cbe000 nmethod 2223 0x0000026ae00b1dd0 code [0x0000026ae00b1f80, 0x0000026ae00b2280]

GC Heap History (10 events):
Event: 1.231 GC heap before
{Heap before GC invocations=2 (full 0):
 PSYoungGen      total 153088K, used 139007K [0x0000000715f80000, 0x0000000720a00000, 0x00000007c0000000)
  eden space 131584K, 100% used [0x0000000715f80000,0x000000071e000000,0x000000071e000000)
  from space 21504K, 34% used [0x000000071e000000,0x000000071e73fe50,0x000000071f500000)
  to   space 21504K, 0% used [0x000000071f500000,0x000000071f500000,0x0000000720a00000)
 ParOldGen       total 349696K, used 80K [0x00000005c1e00000, 0x00000005d7380000, 0x0000000715f80000)
  object space 349696K, 0% used [0x00000005c1e00000,0x00000005c1e14010,0x00000005d7380000)
 Metaspace       used 8905K, capacity 9046K, committed 9088K, reserved 1056768K
  class space    used 845K, capacity 883K, committed 896K, reserved 1048576K
Event: 1.248 GC heap after
Heap after GC invocations=2 (full 0):
 PSYoungGen      total 153088K, used 21492K [0x0000000715f80000, 0x0000000728a80000, 0x00000007c0000000)
  eden space 131584K, 0% used [0x0000000715f80000,0x0000000715f80000,0x000000071e000000)
  from space 21504K, 99% used [0x000000071f500000,0x00000007209fd0d8,0x0000000720a00000)
  to   space 21504K, 0% used [0x000000071e000000,0x000000071e000000,0x000000071f500000)
 ParOldGen       total 349696K, used 3590K [0x00000005c1e00000, 0x00000005d7380000, 0x0000000715f80000)
  object space 349696K, 1% used [0x00000005c1e00000,0x00000005c2181b90,0x00000005d7380000)
 Metaspace       used 8905K, capacity 9046K, committed 9088K, reserved 1056768K
  class space    used 845K, capacity 883K, committed 896K, reserved 1048576K
}
Event: 1.418 GC heap before
{Heap before GC invocations=3 (full 0):
 PSYoungGen      total 153088K, used 153076K [0x0000000715f80000, 0x0000000728a80000, 0x00000007c0000000)
  eden space 131584K, 100% used [0x0000000715f80000,0x000000071e000000,0x000000071e000000)
  from space 21504K, 99% used [0x000000071f500000,0x00000007209fd0d8,0x0000000720a00000)
  to   space 21504K, 0% used [0x000000071e000000,0x000000071e000000,0x000000071f500000)
 ParOldGen       total 349696K, used 3590K [0x00000005c1e00000, 0x00000005d7380000, 0x0000000715f80000)
  object space 349696K, 1% used [0x00000005c1e00000,0x00000005c2181b90,0x00000005d7380000)
 Metaspace       used 9343K, capacity 9430K, committed 9600K, reserved 1058816K
  class space    used 869K, capacity 883K, committed 896K, reserved 1048576K
Event: 1.437 GC heap after
Heap after GC invocations=3 (full 0):
 PSYoungGen      total 153088K, used 21477K [0x0000000715f80000, 0x0000000728a80000, 0x00000007c0000000)
  eden space 131584K, 0% used [0x0000000715f80000,0x0000000715f80000,0x000000071e000000)
  from space 21504K, 99% used [0x000000071e000000,0x000000071f4f9600,0x000000071f500000)
  to   space 21504K, 0% used [0x0000000727580000,0x0000000727580000,0x0000000728a80000)
 ParOldGen       total 349696K, used 8518K [0x00000005c1e00000, 0x00000005d7380000, 0x0000000715f80000)
  object space 349696K, 2% used [0x00000005c1e00000,0x00000005c26519c0,0x00000005d7380000)
 Metaspace       used 9343K, capacity 9430K, committed 9600K, reserved 1058816K
  class space    used 869K, capacity 883K, committed 896K, reserved 1048576K
}
Event: 1.526 GC heap before
{Heap before GC invocations=4 (full 0):
 PSYoungGen      total 153088K, used 153061K [0x0000000715f80000, 0x0000000728a80000, 0x00000007c0000000)
  eden space 131584K, 100% used [0x0000000715f80000,0x000000071e000000,0x000000071e000000)
  from space 21504K, 99% used [0x000000071e000000,0x000000071f4f9600,0x000000071f500000)
  to   space 21504K, 0% used [0x0000000727580000,0x0000000727580000,0x0000000728a80000)
 ParOldGen       total 349696K, used 8518K [0x00000005c1e00000, 0x00000005d7380000, 0x0000000715f80000)
  object space 349696K, 2% used [0x00000005c1e00000,0x00000005c26519c0,0x00000005d7380000)
 Metaspace       used 9369K, capacity 9430K, committed 9600K, reserved 1058816K
  class space    used 869K, capacity 883K, committed 896K, reserved 1048576K
Event: 1.546 GC heap after
Heap after GC invocations=4 (full 0):
 PSYoungGen      total 284672K, used 21482K [0x0000000715f80000, 0x0000000728a80000, 0x00000007c0000000)
  eden space 263168K, 0% used [0x0000000715f80000,0x0000000715f80000,0x0000000726080000)
  from space 21504K, 99% used [0x0000000727580000,0x0000000728a7aa58,0x0000000728a80000)
  to   space 21504K, 0% used [0x0000000726080000,0x0000000726080000,0x0000000727580000)
 ParOldGen       total 349696K, used 8662K [0x00000005c1e00000, 0x00000005d7380000, 0x0000000715f80000)
  object space 349696K, 2% used [0x00000005c1e00000,0x00000005c26759d0,0x00000005d7380000)
 Metaspace       used 9369K, capacity 9430K, committed 9600K, reserved 1058816K
  class space    used 869K, capacity 883K, committed 896K, reserved 1048576K
}
Event: 1.822 GC heap before
{Heap before GC invocations=5 (full 0):
 PSYoungGen      total 284672K, used 284650K [0x0000000715f80000, 0x0000000728a80000, 0x00000007c0000000)
  eden space 263168K, 100% used [0x0000000715f80000,0x0000000726080000,0x0000000726080000)
  from space 21504K, 99% used [0x0000000727580000,0x0000000728a7aa58,0x0000000728a80000)
  to   space 21504K, 0% used [0x0000000726080000,0x0000000726080000,0x0000000727580000)
 ParOldGen       total 349696K, used 8662K [0x00000005c1e00000, 0x00000005d7380000, 0x0000000715f80000)
  object space 349696K, 2% used [0x00000005c1e00000,0x00000005c26759d0,0x00000005d7380000)
 Metaspace       used 9413K, capacity 9494K, committed 9600K, reserved 1058816K
  class space    used 870K, capacity 883K, committed 896K, reserved 1048576K
Event: 1.854 GC heap after
Heap after GC invocations=5 (full 0):
 PSYoungGen      total 284672K, used 21475K [0x0000000715f80000, 0x0000000728a80000, 0x00000007c0000000)
  eden space 263168K, 0% used [0x0000000715f80000,0x0000000715f80000,0x0000000726080000)
  from space 21504K, 99% used [0x0000000726080000,0x0000000727578f00,0x0000000727580000)
  to   space 21504K, 0% used [0x0000000727580000,0x0000000727580000,0x0000000728a80000)
 ParOldGen       total 349696K, used 9878K [0x00000005c1e00000, 0x00000005d7380000, 0x0000000715f80000)
  object space 349696K, 2% used [0x00000005c1e00000,0x00000005c27a5aa0,0x00000005d7380000)
 Metaspace       used 9413K, capacity 9494K, committed 9600K, reserved 1058816K
  class space    used 870K, capacity 883K, committed 896K, reserved 1048576K
}
Event: 2.166 GC heap before
{Heap before GC invocations=6 (full 0):
 PSYoungGen      total 284672K, used 284372K [0x0000000715f80000, 0x0000000728a80000, 0x00000007c0000000)
  eden space 263168K, 99% used [0x0000000715f80000,0x000000072603c3d0,0x0000000726080000)
  from space 21504K, 99% used [0x0000000726080000,0x0000000727578f00,0x0000000727580000)
  to   space 21504K, 0% used [0x0000000727580000,0x0000000727580000,0x0000000728a80000)
 ParOldGen       total 349696K, used 9878K [0x00000005c1e00000, 0x00000005d7380000, 0x0000000715f80000)
  object space 349696K, 2% used [0x00000005c1e00000,0x00000005c27a5aa0,0x00000005d7380000)
 Metaspace       used 9713K, capacity 9782K, committed 9984K, reserved 1058816K
  class space    used 900K, capacity 915K, committed 1024K, reserved 1048576K
Event: 2.188 GC heap after
Heap after GC invocations=6 (full 0):
 PSYoungGen      total 284672K, used 21474K [0x0000000715f80000, 0x0000000728a80000, 0x00000007c0000000)
  eden space 263168K, 0% used [0x0000000715f80000,0x0000000715f80000,0x0000000726080000)
  from space 21504K, 99% used [0x0000000727580000,0x0000000728a78800,0x0000000728a80000)
  to   space 21504K, 0% used [0x0000000726080000,0x0000000726080000,0x0000000727580000)
 ParOldGen       total 349696K, used 10646K [0x00000005c1e00000, 0x00000005d7380000, 0x0000000715f80000)
  object space 349696K, 3% used [0x00000005c1e00000,0x00000005c2865b70,0x00000005d7380000)
 Metaspace       used 9713K, capacity 9782K, committed 9984K, reserved 1058816K
  class space    used 900K, capacity 915K, committed 1024K, reserved 1048576K
}

Deoptimization events (10 events):
Event: 1.899 Thread 0x0000026af4626800 Uncommon trap: reason=unstable_if action=reinterpret pc=0x0000026adfdb6e04 method=java.util.regex.Pattern.bitsOrSingle(Ljava/util/regex/Pattern$BitClass;I)Ljava/util/regex/Pattern$CharProperty; @ 12
Event: 1.899 Thread 0x0000026af4626800 Uncommon trap: reason=unstable_if action=reinterpret pc=0x0000026adfd914a0 method=java.util.regex.Pattern.newSlice([IIZ)Ljava/util/regex/Pattern$Node; @ 10
Event: 1.899 Thread 0x0000026af4626800 Uncommon trap: reason=unstable_if action=reinterpret pc=0x0000026adfda93dc method=java.util.regex.Pattern.bitsOrSingle(Ljava/util/regex/Pattern$BitClass;I)Ljava/util/regex/Pattern$CharProperty; @ 12
Event: 1.900 Thread 0x0000026af4626800 Uncommon trap: reason=unstable_if action=reinterpret pc=0x0000026adfc87998 method=java.util.HashMap.isEmpty()Z @ 4
Event: 1.915 Thread 0x0000026af4626800 Uncommon trap: reason=unstable_if action=reinterpret pc=0x0000026adfc8bf08 method=java.util.Hashtable.get(Ljava/lang/Object;)Ljava/lang/Object; @ 36
Event: 1.915 Thread 0x0000026af4626800 Uncommon trap: reason=unstable_if action=reinterpret pc=0x0000026adfb8d8dc method=java.util.Hashtable.get(Ljava/lang/Object;)Ljava/lang/Object; @ 36
Event: 2.166 Thread 0x0000026af4618800 Uncommon trap: reason=unstable_if action=reinterpret pc=0x0000026ae0080654 method=com.android.tools.build.jetifier.processor.transform.bytecode.CoreRemapperImpl.rewriteType(Lcom/android/tools/build/jetifier/core/type/JavaType;)Lcom/android/tools/build/jet
Event: 2.188 Thread 0x0000026af4620000 Uncommon trap: reason=unstable_if action=reinterpret pc=0x0000026adfe65d24 method=org.objectweb.asm.ClassReader.readUTF(II[C)Ljava/lang/String; @ 77
Event: 2.188 Thread 0x0000026af4620000 Uncommon trap: reason=unstable_if action=reinterpret pc=0x0000026adfe498e0 method=org.objectweb.asm.ByteVector.putUTF8(Ljava/lang/String;)Lorg/objectweb/asm/ByteVector; @ 91
Event: 2.398 Thread 0x0000026af4626800 Uncommon trap: reason=unstable_if action=reinterpret pc=0x0000026adfcf8d80 method=com.sun.org.apache.xerces.internal.impl.XMLEntityScanner.skipSpaces()Z @ 303

Classes redefined (0 events):
No events

Internal exceptions (10 events):
Event: 0.236 Thread 0x0000026addf3d800 Exception <a 'java/lang/ArrayIndexOutOfBoundsException'> (0x0000000716e19be8) thrown at [J:\jenkins\tmp\workspace\build\src\hotspot\src\share\vm\runtime\sharedRuntime.cpp, line 609]
Event: 0.245 Thread 0x0000026addf3d800 Exception <a 'java/lang/ArrayIndexOutOfBoundsException'> (0x0000000716e6b5a8) thrown at [J:\jenkins\tmp\workspace\build\src\hotspot\src\share\vm\runtime\sharedRuntime.cpp, line 609]
Event: 0.247 Thread 0x0000026addf3d800 Exception <a 'java/lang/ArrayIndexOutOfBoundsException'> (0x0000000716e80d10) thrown at [J:\jenkins\tmp\workspace\build\src\hotspot\src\share\vm\runtime\sharedRuntime.cpp, line 609]
Event: 1.280 Thread 0x0000026af45f5800 Implicit null exception at 0x0000026adfc88340 to 0x0000026adfc883c1
Event: 1.318 Thread 0x0000026af4620000 Implicit null exception at 0x0000026adfc8a1b4 to 0x0000026adfc8a229
Event: 1.686 Thread 0x0000026af4618800 Implicit null exception at 0x0000026adfe4322c to 0x0000026adfe4335d
Event: 1.901 Thread 0x0000026af4626800 Exception <a 'sun/nio/fs/WindowsException'> (0x00000007199a0c68) thrown at [J:\jenkins\tmp\workspace\build\src\hotspot\src\share\vm\prims\jni.cpp, line 711]
Event: 1.902 Thread 0x0000026af4626800 Exception <a 'sun/nio/fs/WindowsException'> (0x00000007199a1888) thrown at [J:\jenkins\tmp\workspace\build\src\hotspot\src\share\vm\prims\jni.cpp, line 711]
Event: 2.479 Thread 0x0000026af4618800 Exception <a 'sun/nio/fs/WindowsException'> (0x0000000723b01e50) thrown at [J:\jenkins\tmp\workspace\build\src\hotspot\src\share\vm\prims\jni.cpp, line 711]
Event: 2.508 Thread 0x0000026af4618800 Exception <a 'sun/nio/fs/WindowsException'> (0x0000000723b02650) thrown at [J:\jenkins\tmp\workspace\build\src\hotspot\src\share\vm\prims\jni.cpp, line 711]

Events (10 events):
Event: 2.357 Thread 0x0000026af4604000 DEOPT UNPACKING pc=0x0000026adf8b75d8 sp=0x000000ac0a0fe3e0 mode 0
Event: 2.391 Thread 0x0000026af45f4800 DEOPT PACKING pc=0x0000026adfd4d915 sp=0x000000ac09efeb10
Event: 2.391 Thread 0x0000026af45f4800 DEOPT UNPACKING pc=0x0000026adf8b75d8 sp=0x000000ac09efe860 mode 0
Event: 2.398 Thread 0x0000026af4626800 Uncommon trap: trap_request=0xffffff65 fr.pc=0x0000026adfcf8d80
Event: 2.398 Thread 0x0000026af4626800 DEOPT PACKING pc=0x0000026adfcf8d80 sp=0x000000ac0a7feaa0
Event: 2.398 Thread 0x0000026af4626800 DEOPT UNPACKING pc=0x0000026adf8b5583 sp=0x000000ac0a7fea40 mode 2
Event: 2.417 Thread 0x0000026af4618800 DEOPT PACKING pc=0x0000026adfd4d915 sp=0x000000ac0a5fe510
Event: 2.417 Thread 0x0000026af4618800 DEOPT UNPACKING pc=0x0000026adf8b75d8 sp=0x000000ac0a5fe260 mode 0
Event: 2.520 Thread 0x0000026af4620000 DEOPT PACKING pc=0x0000026adfd4d915 sp=0x000000ac0a6fea50
Event: 2.520 Thread 0x0000026af4620000 DEOPT UNPACKING pc=0x0000026adf8b75d8 sp=0x000000ac0a6fe7a0 mode 0


Dynamic libraries:
0x00007ff6b52b0000 - 0x00007ff6b52ea000 	C:\Program Files\Eclipse Foundation\jdk-8.0.302.8-hotspot\bin\java.exe
0x00007fff473f0000 - 0x00007fff475e8000 	C:\WINDOWS\SYSTEM32\ntdll.dll
0x00007fff45f10000 - 0x00007fff45fcf000 	C:\WINDOWS\System32\KERNEL32.DLL
0x00007fff45080000 - 0x00007fff45376000 	C:\WINDOWS\System32\KERNELBASE.dll
0x00007fff47260000 - 0x00007fff4730f000 	C:\WINDOWS\System32\ADVAPI32.dll
0x00007fff45d60000 - 0x00007fff45dfe000 	C:\WINDOWS\System32\msvcrt.dll
0x00007fff47310000 - 0x00007fff473ac000 	C:\WINDOWS\System32\sechost.dll
0x00007fff46d30000 - 0x00007fff46e56000 	C:\WINDOWS\System32\RPCRT4.dll
0x00007fff46210000 - 0x00007fff463ad000 	C:\WINDOWS\System32\USER32.dll
0x00007fff45050000 - 0x00007fff45072000 	C:\WINDOWS\System32\win32u.dll
0x00007fff47190000 - 0x00007fff471bc000 	C:\WINDOWS\System32\GDI32.dll
0x00007fff44f30000 - 0x00007fff45045000 	C:\WINDOWS\System32\gdi32full.dll
0x00007fff453b0000 - 0x00007fff4544d000 	C:\WINDOWS\System32\msvcp_win.dll
0x00007fff44e30000 - 0x00007fff44f30000 	C:\WINDOWS\System32\ucrtbase.dll
0x00007fff2f110000 - 0x00007fff2f3aa000 	C:\WINDOWS\WinSxS\amd64_microsoft.windows.common-controls_6595b64144ccf1df_6.0.19041.1110_none_60b5254171f9507e\COMCTL32.dll
0x00007fff47230000 - 0x00007fff47260000 	C:\WINDOWS\System32\IMM32.DLL
0x00007ffef0e20000 - 0x00007ffef0f0f000 	C:\Program Files\Eclipse Foundation\jdk-8.0.302.8-hotspot\jre\bin\msvcr120.dll
0x00007ffee9d90000 - 0x00007ffee9e36000 	C:\Program Files\Eclipse Foundation\jdk-8.0.302.8-hotspot\jre\bin\msvcp120.dll
0x0000000066390000 - 0x0000000066bfb000 	C:\Program Files\Eclipse Foundation\jdk-8.0.302.8-hotspot\jre\bin\server\jvm.dll
0x00007fff46150000 - 0x00007fff46158000 	C:\WINDOWS\System32\PSAPI.DLL
0x00007fff3b450000 - 0x00007fff3b459000 	C:\WINDOWS\SYSTEM32\WSOCK32.dll
0x00007fff2f3b0000 - 0x00007fff2f3d7000 	C:\WINDOWS\SYSTEM32\WINMM.dll
0x00007fff3f8e0000 - 0x00007fff3f8ea000 	C:\WINDOWS\SYSTEM32\VERSION.dll
0x00007fff471c0000 - 0x00007fff4722b000 	C:\WINDOWS\System32\WS2_32.dll
0x00007fff3ddd0000 - 0x00007fff3dddf000 	C:\Program Files\Eclipse Foundation\jdk-8.0.302.8-hotspot\jre\bin\verify.dll
0x00007fff3d7f0000 - 0x00007fff3d819000 	C:\Program Files\Eclipse Foundation\jdk-8.0.302.8-hotspot\jre\bin\java.dll
0x00007fff28bf0000 - 0x00007fff28c06000 	C:\Program Files\Eclipse Foundation\jdk-8.0.302.8-hotspot\jre\bin\zip.dll
0x00007fff45600000 - 0x00007fff45d44000 	C:\WINDOWS\System32\SHELL32.dll
0x00007fff429f0000 - 0x00007fff43183000 	C:\WINDOWS\SYSTEM32\windows.storage.dll
0x00007fff469d0000 - 0x00007fff46d24000 	C:\WINDOWS\System32\combase.dll
0x00007fff44530000 - 0x00007fff4455e000 	C:\WINDOWS\SYSTEM32\Wldp.dll
0x00007fff46160000 - 0x00007fff4620d000 	C:\WINDOWS\System32\SHCORE.dll
0x00007fff46970000 - 0x00007fff469c5000 	C:\WINDOWS\System32\shlwapi.dll
0x00007fff44a10000 - 0x00007fff44a2f000 	C:\WINDOWS\SYSTEM32\profapi.dll
0x00007fff080e0000 - 0x00007fff080fa000 	C:\Program Files\Eclipse Foundation\jdk-8.0.302.8-hotspot\jre\bin\net.dll
0x00007fff44290000 - 0x00007fff442fa000 	C:\WINDOWS\system32\mswsock.dll
0x00007ffefc6e0000 - 0x00007ffefc6f2000 	C:\Program Files\Eclipse Foundation\jdk-8.0.302.8-hotspot\jre\bin\nio.dll

VM Arguments:
java_command: com.xamarin.androidx.jetifierWrapper.Main -intermediate obj\Debug\110\androidx\_AndroidXJetifyEmbeddedFiles.jetify -parallel
java_class_path (initial): C:\Users\Administrator\.nuget\packages\xamarin.androidx.migration\1.0.8\buildTransitive\monoandroid90\Tools/JetifierWrapper/jetifierWrapper-1.0.jar
Launcher Type: SUN_STANDARD

Environment Variables:
PATH=C:\Program Files\Eclipse Foundation\jdk-8.0.302.8-hotspot\bin;C:\Program Files\Microsoft\jdk-11.0.12.7-hotspot\bin;C:\Program Files\Microsoft MPI\Bin\;C:\Oracle\11.2.0\client_1;C:\Program Files (x86)\Eziriz\.NET Reactor;C:\ProgramData\Oracle\Java\javapath;D:\app\Hung\product\11.2.0\client_2\bin;D:\app\Hung\product\11.2.0\client_1;C:\Program Files (x86)\Common Files\Oracle\Java\javapath;C:\WINDOWS\system32;C:\WINDOWS;C:\WINDOWS\System32\Wbem;C:\WINDOWS\System32\WindowsPowerShell\v1.0\;C:\WINDOWS\System32\OpenSSH\;C:\Program Files (x86)\Microsoft SQL Server\140\Tools\Binn\;C:\Program Files\Microsoft SQL Server\140\Tools\Binn\;C:\Program Files (x86)\Microsoft SQL Server\140\DTS\Binn\;C:\Program Files\Microsoft SQL Server\140\DTS\Binn\;C:\Program Files\Microsoft SQL Server\Client SDK\ODBC\130\Tools\Binn\;C:\Program Files\Git\cmd;C:\Program Files\dotnet\;C:\Program Files\Microsoft SQL Server\130\Tools\Binn\;C:\Program Files (x86)\Microsoft SQL Server\Client SDK\ODBC\130\Tools\Binn\;C:\Program Files (x86)\Microsoft SQL Server\140\Tools\Binn\ManagementStudio\;C:\Program Files (x86)\Microsoft SQL Server\90\Tools\binn\;C:\Program Files\Eclipse Foundation\jdk1.7.0_80;C:\Users\Administrator\AppData\Local\Microsoft\WindowsApps;C:\Users\Administrator\.dotnet\tools;C:\Users\Administrator\AppData\Local\GitHubDesktop\bin;C:\Users\Administrator\.dotnet\tools
USERNAME=Administrator
OS=Windows_NT
PROCESSOR_IDENTIFIER=Intel64 Family 6 Model 94 Stepping 3, GenuineIntel



---------------  S Y S T E M  ---------------

OS: Windows 10.0 , 64 bit Build 19041 (10.0.19041.2913)

CPU:total 8 (initial active 8) (4 cores per cpu, 2 threads per core) family 6 model 94 stepping 3, cmov, cx8, fxsr, mmx, sse, sse2, sse3, ssse3, sse4.1, sse4.2, popcnt, avx, avx2, aes, clmul, erms, rtm, 3dnowpref, lzcnt, ht, tsc, tscinvbit, bmi1, bmi2, adx

Memory: 4k page, physical 33431352k(3190544k free), swap 33431352k(4716k free)

vm_info: OpenJDK 64-Bit Server VM (25.302-b08) for windows-amd64 JRE (1.8.0_302-b08), built on Jul 20 2021 21:31:03 by "jenkins" with MS VC++ 12.0 (VS2013)

time: Thu May 18 09:29:13 2023
timezone: SE Asia Standard Time
elapsed time: 2.576106 seconds (0d 0h 0m 2s)

