#
# There is insufficient memory for the Java Runtime Environment to continue.
# Native memory allocation (malloc) failed to allocate 1186576 bytes for Chunk::new
# Possible reasons:
#   The system is out of physical RAM or swap space
#   The process is running with CompressedOops enabled, and the Java Heap may be blocking the growth of the native heap
# Possible solutions:
#   Reduce memory load on the system
#   Increase physical memory or swap space
#   Check if swap backing store is full
#   Decrease Java heap size (-Xmx/-Xms)
#   Decrease number of Java threads
#   Decrease Java thread stack sizes (-Xss)
#   Set larger code cache with -XX:ReservedCodeCacheSize=
#   JVM is running with Unscaled Compressed Oops mode in which the Java heap is
#     placed in the first 4GB address space. The Java Heap base address is the
#     maximum limit for the native heap growth. Please use -XX:HeapBaseMinAddress
#     to set the Java Heap base and to place the Java Heap above 4GB virtual address.
# This output file may be truncated or incomplete.
#
#  Out of Memory Error (allocation.cpp:389), pid=32220, tid=0x00000000000074a4
#
# JRE version: OpenJDK Runtime Environment (8.0_302-b08) (build 1.8.0_302-b08)
# Java VM: OpenJDK 64-Bit Server VM (25.302-b08 mixed mode windows-amd64 compressed oops)
# Failed to write core dump. Minidumps are not enabled by default on client versions of Windows
#

---------------  T H R E A D  ---------------

Current thread (0x0000021f6afbb800):  JavaThread "C2 CompilerThread2" daemon [_thread_in_native, id=29860, stack(0x000000955b000000,0x000000955b100000)]

Stack: [0x000000955b000000,0x000000955b100000]
[error occurred during error reporting (printing stack bounds), id 0xc0000005]

Native frames: (J=compiled Java code, j=interpreted, Vv=VM code, C=native code)


Current CompileTask:
C2:   2627 3703       4       com.android.tools.r8.s.b.U0::a (376 bytes)


---------------  P R O C E S S  ---------------

Java Threads: ( => current thread )
  0x0000021f6c997000 JavaThread "ForkJoinPool-1-worker-0" daemon [_thread_in_Java, id=31208, stack(0x000000955b700000,0x000000955b800000)]
  0x0000021f6c996800 JavaThread "ForkJoinPool-1-worker-3" daemon [_thread_in_Java, id=29228, stack(0x000000955b600000,0x000000955b700000)]
  0x0000021f6cb4b000 JavaThread "ForkJoinPool-1-worker-2" daemon [_thread_in_Java, id=34528, stack(0x000000955b500000,0x000000955b600000)]
  0x0000021f6cb4a000 JavaThread "ForkJoinPool-1-worker-1" daemon [_thread_in_Java, id=26728, stack(0x000000955b400000,0x000000955b500000)]
  0x0000021f6c370800 JavaThread "Service Thread" daemon [_thread_blocked, id=28984, stack(0x000000955b200000,0x000000955b300000)]
  0x0000021f6afbf800 JavaThread "C1 CompilerThread3" daemon [_thread_in_native, id=26992, stack(0x000000955b100000,0x000000955b200000)]
=>0x0000021f6afbb800 JavaThread "C2 CompilerThread2" daemon [_thread_in_native, id=29860, stack(0x000000955b000000,0x000000955b100000)]
  0x0000021f6afb7000 JavaThread "C2 CompilerThread1" daemon [_thread_in_native, id=20216, stack(0x000000955af00000,0x000000955b000000)]
  0x0000021f6afba000 JavaThread "C2 CompilerThread0" daemon [_thread_in_native, id=19264, stack(0x000000955ae00000,0x000000955af00000)]
  0x0000021f6afa9800 JavaThread "Attach Listener" daemon [_thread_blocked, id=34176, stack(0x000000955ad00000,0x000000955ae00000)]
  0x0000021f6afa4800 JavaThread "Signal Dispatcher" daemon [_thread_blocked, id=28308, stack(0x000000955ac00000,0x000000955ad00000)]
  0x0000021f6af7b800 JavaThread "Finalizer" daemon [_thread_blocked, id=33068, stack(0x000000955ab00000,0x000000955ac00000)]
  0x0000021f6af6b000 JavaThread "Reference Handler" daemon [_thread_blocked, id=34216, stack(0x000000955aa00000,0x000000955ab00000)]
  0x0000021f5670e800 JavaThread "main" [_thread_blocked, id=12488, stack(0x000000955a000000,0x000000955a100000)]

Other Threads:
  0x0000021f6af41000 VMThread [stack: 0x000000955a900000,0x000000955aa00000] [id=17888]
  0x0000021f6b01b800 WatcherThread [stack: 0x000000955b300000,0x000000955b400000] [id=6456]

VM state:not at safepoint (normal execution)

VM Mutex/Monitor currently owned by a thread: None

heap address: 0x00000000c0000000, size: 1024 MB, Compressed Oops mode: 32-bit
Narrow klass base: 0x0000000000000000, Narrow klass shift: 3
Compressed class space size: 1073741824 Address: 0x0000000100000000

Heap:
 PSYoungGen      total 327680K, used 95637K [0x00000000eab00000, 0x0000000100000000, 0x0000000100000000)
  eden space 306176K, 24% used [0x00000000eab00000,0x00000000ef36c390,0x00000000fd600000)
  from space 21504K, 99% used [0x00000000feb00000,0x00000000ffff9410,0x0000000100000000)
  to   space 21504K, 0% used [0x00000000fd600000,0x00000000fd600000,0x00000000feb00000)
 ParOldGen       total 349696K, used 61873K [0x00000000c0000000, 0x00000000d5580000, 0x00000000eab00000)
  object space 349696K, 17% used [0x00000000c0000000,0x00000000c3c6c788,0x00000000d5580000)
 Metaspace       used 17107K, capacity 18388K, committed 18688K, reserved 1064960K
  class space    used 2194K, capacity 2502K, committed 2560K, reserved 1048576K

Card table byte_map: [0x0000021f674f0000,0x0000021f67700000] byte_map_base: 0x0000021f66ef0000

Marking Bits: (ParMarkBitMap*) 0x0000000062ccc820
 Begin Bits: [0x0000021f67860000, 0x0000021f68860000)
 End Bits:   [0x0000021f68860000, 0x0000021f69860000)

Polling page: 0x0000021f58100000

CodeCache: size=245760Kb used=16467Kb max_used=16467Kb free=229292Kb
 bounds [0x0000021f58130000, 0x0000021f59150000, 0x0000021f67130000]
 total_blobs=4778 nmethods=4419 adapters=267
 compilation: enabled

Compilation events (10 events):
Event: 2.625 Thread 0x0000021f6afbf800 nmethod 4609 0x0000021f59142bd0 code [0x0000021f59142e20, 0x0000021f59143590]
Event: 2.625 Thread 0x0000021f6afbf800 4618       2       com.android.tools.r8.code.P0::<init> (108 bytes)
Event: 2.625 Thread 0x0000021f6afbf800 nmethod 4618 0x0000021f59143c90 code [0x0000021f59143de0, 0x0000021f59143f58]
Event: 2.625 Thread 0x0000021f6afbf800 4610       2       java.util.ArrayList$SubList::size (9 bytes)
Event: 2.625 Thread 0x0000021f6afbf800 nmethod 4610 0x0000021f59143fd0 code [0x0000021f59144140, 0x0000021f59144370]
Event: 2.625 Thread 0x0000021f6afbf800 4620       2       com.android.tools.r8.s.b.U0::d (46 bytes)
Event: 2.625 Thread 0x0000021f6afbf800 nmethod 4620 0x0000021f591444d0 code [0x0000021f59144680, 0x0000021f59144970]
Event: 2.625 Thread 0x0000021f6afbf800 4611       2       java.util.ArrayList$SubList::iterator (5 bytes)
Event: 2.625 Thread 0x0000021f6afbf800 nmethod 4611 0x0000021f59144b50 code [0x0000021f59144ce0, 0x0000021f59145080]
Event: 2.626 Thread 0x0000021f6afbf800 4612       2       java.util.ArrayList$SubList::listIterator (25 bytes)

GC Heap History (8 events):
Event: 0.631 GC heap before
{Heap before GC invocations=1 (full 0):
 PSYoungGen      total 153088K, used 131584K [0x00000000eab00000, 0x00000000f5580000, 0x0000000100000000)
  eden space 131584K, 100% used [0x00000000eab00000,0x00000000f2b80000,0x00000000f2b80000)
  from space 21504K, 0% used [0x00000000f4080000,0x00000000f4080000,0x00000000f5580000)
  to   space 21504K, 0% used [0x00000000f2b80000,0x00000000f2b80000,0x00000000f4080000)
 ParOldGen       total 349696K, used 0K [0x00000000c0000000, 0x00000000d5580000, 0x00000000eab00000)
  object space 349696K, 0% used [0x00000000c0000000,0x00000000c0000000,0x00000000d5580000)
 Metaspace       used 9470K, capacity 9926K, committed 9984K, reserved 1058816K
  class space    used 1123K, capacity 1231K, committed 1280K, reserved 1048576K
Event: 0.646 GC heap after
Heap after GC invocations=1 (full 0):
 PSYoungGen      total 153088K, used 21493K [0x00000000eab00000, 0x00000000fd600000, 0x0000000100000000)
  eden space 131584K, 0% used [0x00000000eab00000,0x00000000eab00000,0x00000000f2b80000)
  from space 21504K, 99% used [0x00000000f2b80000,0x00000000f407d768,0x00000000f4080000)
  to   space 21504K, 0% used [0x00000000fc100000,0x00000000fc100000,0x00000000fd600000)
 ParOldGen       total 349696K, used 17994K [0x00000000c0000000, 0x00000000d5580000, 0x00000000eab00000)
  object space 349696K, 5% used [0x00000000c0000000,0x00000000c1192a58,0x00000000d5580000)
 Metaspace       used 9470K, capacity 9926K, committed 9984K, reserved 1058816K
  class space    used 1123K, capacity 1231K, committed 1280K, reserved 1048576K
}
Event: 0.887 GC heap before
{Heap before GC invocations=2 (full 0):
 PSYoungGen      total 153088K, used 153077K [0x00000000eab00000, 0x00000000fd600000, 0x0000000100000000)
  eden space 131584K, 100% used [0x00000000eab00000,0x00000000f2b80000,0x00000000f2b80000)
  from space 21504K, 99% used [0x00000000f2b80000,0x00000000f407d768,0x00000000f4080000)
  to   space 21504K, 0% used [0x00000000fc100000,0x00000000fc100000,0x00000000fd600000)
 ParOldGen       total 349696K, used 17994K [0x00000000c0000000, 0x00000000d5580000, 0x00000000eab00000)
  object space 349696K, 5% used [0x00000000c0000000,0x00000000c1192a58,0x00000000d5580000)
 Metaspace       used 10253K, capacity 10760K, committed 10880K, reserved 1058816K
  class space    used 1224K, capacity 1356K, committed 1408K, reserved 1048576K
Event: 0.909 GC heap after
Heap after GC invocations=2 (full 0):
 PSYoungGen      total 284672K, used 21500K [0x00000000eab00000, 0x00000000fd600000, 0x0000000100000000)
  eden space 263168K, 0% used [0x00000000eab00000,0x00000000eab00000,0x00000000fac00000)
  from space 21504K, 99% used [0x00000000fc100000,0x00000000fd5ff320,0x00000000fd600000)
  to   space 21504K, 0% used [0x00000000fac00000,0x00000000fac00000,0x00000000fc100000)
 ParOldGen       total 349696K, used 40375K [0x00000000c0000000, 0x00000000d5580000, 0x00000000eab00000)
  object space 349696K, 11% used [0x00000000c0000000,0x00000000c276ddb0,0x00000000d5580000)
 Metaspace       used 10253K, capacity 10760K, committed 10880K, reserved 1058816K
  class space    used 1224K, capacity 1356K, committed 1408K, reserved 1048576K
}
Event: 1.892 GC heap before
{Heap before GC invocations=3 (full 0):
 PSYoungGen      total 284672K, used 284668K [0x00000000eab00000, 0x00000000fd600000, 0x0000000100000000)
  eden space 263168K, 100% used [0x00000000eab00000,0x00000000fac00000,0x00000000fac00000)
  from space 21504K, 99% used [0x00000000fc100000,0x00000000fd5ff320,0x00000000fd600000)
  to   space 21504K, 0% used [0x00000000fac00000,0x00000000fac00000,0x00000000fc100000)
 ParOldGen       total 349696K, used 40375K [0x00000000c0000000, 0x00000000d5580000, 0x00000000eab00000)
  object space 349696K, 11% used [0x00000000c0000000,0x00000000c276ddb0,0x00000000d5580000)
 Metaspace       used 16328K, capacity 17540K, committed 17664K, reserved 1064960K
  class space    used 2183K, capacity 2496K, committed 2560K, reserved 1048576K
Event: 1.923 GC heap after
Heap after GC invocations=3 (full 0):
 PSYoungGen      total 284672K, used 21496K [0x00000000eab00000, 0x0000000100000000, 0x0000000100000000)
  eden space 263168K, 0% used [0x00000000eab00000,0x00000000eab00000,0x00000000fac00000)
  from space 21504K, 99% used [0x00000000fac00000,0x00000000fc0fe368,0x00000000fc100000)
  to   space 21504K, 0% used [0x00000000feb00000,0x00000000feb00000,0x0000000100000000)
 ParOldGen       total 349696K, used 56808K [0x00000000c0000000, 0x00000000d5580000, 0x00000000eab00000)
  object space 349696K, 16% used [0x00000000c0000000,0x00000000c377a090,0x00000000d5580000)
 Metaspace       used 16328K, capacity 17540K, committed 17664K, reserved 1064960K
  class space    used 2183K, capacity 2496K, committed 2560K, reserved 1048576K
}
Event: 2.499 GC heap before
{Heap before GC invocations=4 (full 0):
 PSYoungGen      total 284672K, used 284664K [0x00000000eab00000, 0x0000000100000000, 0x0000000100000000)
  eden space 263168K, 100% used [0x00000000eab00000,0x00000000fac00000,0x00000000fac00000)
  from space 21504K, 99% used [0x00000000fac00000,0x00000000fc0fe368,0x00000000fc100000)
  to   space 21504K, 0% used [0x00000000feb00000,0x00000000feb00000,0x0000000100000000)
 ParOldGen       total 349696K, used 56808K [0x00000000c0000000, 0x00000000d5580000, 0x00000000eab00000)
  object space 349696K, 16% used [0x00000000c0000000,0x00000000c377a090,0x00000000d5580000)
 Metaspace       used 16988K, capacity 18312K, committed 18432K, reserved 1064960K
  class space    used 2194K, capacity 2502K, committed 2560K, reserved 1048576K
Event: 2.520 GC heap after
Heap after GC invocations=4 (full 0):
 PSYoungGen      total 327680K, used 21477K [0x00000000eab00000, 0x0000000100000000, 0x0000000100000000)
  eden space 306176K, 0% used [0x00000000eab00000,0x00000000eab00000,0x00000000fd600000)
  from space 21504K, 99% used [0x00000000feb00000,0x00000000ffff9410,0x0000000100000000)
  to   space 21504K, 0% used [0x00000000fd600000,0x00000000fd600000,0x00000000feb00000)
 ParOldGen       total 349696K, used 61873K [0x00000000c0000000, 0x00000000d5580000, 0x00000000eab00000)
  object space 349696K, 17% used [0x00000000c0000000,0x00000000c3c6c788,0x00000000d5580000)
 Metaspace       used 16988K, capacity 18312K, committed 18432K, reserved 1064960K
  class space    used 2194K, capacity 2502K, committed 2560K, reserved 1048576K
}

Deoptimization events (10 events):
Event: 1.822 Thread 0x0000021f6c996800 Uncommon trap: reason=unstable_if action=reinterpret pc=0x0000021f58a943d0 method=com.android.tools.r8.ir.regalloc.b.g(I)Lcom/android/tools/r8/ir/regalloc/b; @ 132
Event: 1.822 Thread 0x0000021f6c996800 Uncommon trap: reason=class_check action=maybe_recompile pc=0x0000021f58a90638 method=com.android.tools.r8.ir.optimize.K.a(Lcom/android/tools/r8/s/b/k0;)Z @ 93
Event: 1.823 Thread 0x0000021f6c996800 Uncommon trap: reason=unstable_if action=reinterpret pc=0x0000021f58a90210 method=com.android.tools.r8.ir.optimize.K.a(Lcom/android/tools/r8/s/b/k0;)Z @ 164
Event: 1.864 Thread 0x0000021f6cb4b000 Uncommon trap: reason=unstable_if action=reinterpret pc=0x0000021f58c60734 method=com.android.tools.r8.ir.conversion.o.a(ILcom/android/tools/r8/ir/conversion/N;)I @ 148
Event: 2.372 Thread 0x0000021f6c997000 Uncommon trap: reason=null_check action=make_not_entrant pc=0x0000021f58f8e7d0 method=com.android.tools.r8.graph.s.equals(Ljava/lang/Object;)Z @ 8
Event: 2.388 Thread 0x0000021f6cb4a000 Uncommon trap: reason=class_check action=maybe_recompile pc=0x0000021f58c90c80 method=java.util.TreeMap.compare(Ljava/lang/Object;Ljava/lang/Object;)I @ 26
Event: 2.388 Thread 0x0000021f6cb4a000 Uncommon trap: reason=unstable_if action=reinterpret pc=0x0000021f58c90c40 method=java.util.TreeMap.put(Ljava/lang/Object;Ljava/lang/Object;)Ljava/lang/Object; @ 55
Event: 2.394 Thread 0x0000021f6cb4b000 Uncommon trap: reason=unstable_if action=reinterpret pc=0x0000021f58f4dd38 method=com.android.tools.r8.ir.conversion.N.a(ILcom/android/tools/r8/s/b/t1;Lcom/android/tools/r8/s/b/o;Lcom/android/tools/r8/s/b/o$c;Lcom/android/tools/r8/s/b/U0$a;)Lcom/android/t
Event: 2.398 Thread 0x0000021f6cb4b000 Uncommon trap: reason=unstable_if action=reinterpret pc=0x0000021f58bb0fa4 method=com.android.tools.r8.s.a.h.e.b(Lcom/android/tools/r8/s/b/k0;)V @ 11
Event: 2.482 Thread 0x0000021f6cb4b000 Uncommon trap: reason=unstable_if action=reinterpret pc=0x0000021f587dd8ec method=java.util.HashMap.getNode(ILjava/lang/Object;)Ljava/util/HashMap$Node; @ 84

Classes redefined (0 events):
No events

Internal exceptions (10 events):
Event: 1.144 Thread 0x0000021f6c997000 Exception <a 'java/lang/NoSuchMethodError': java.lang.Object.lambda$comparingInt$7b0bb60$1(Ljava/util/function/ToIntFunction;Ljava/lang/Object;Ljava/lang/Object;)I> (0x00000000ef21d438) thrown at [J:\jenkins\tmp\workspace\build\src\hotspot\src\share\vm\in
Event: 1.144 Thread 0x0000021f6cb4a000 Exception <a 'java/lang/NoSuchMethodError': java.lang.Object.lambda$comparingInt$7b0bb60$1(Ljava/util/function/ToIntFunction;Ljava/lang/Object;Ljava/lang/Object;)I> (0x00000000f03508e0) thrown at [J:\jenkins\tmp\workspace\build\src\hotspot\src\share\vm\in
Event: 1.144 Thread 0x0000021f6cb4b000 Exception <a 'java/lang/NoSuchMethodError': java.lang.Object.lambda$comparingInt$7b0bb60$1(Ljava/util/function/ToIntFunction;Ljava/lang/Object;Ljava/lang/Object;)I> (0x00000000f04e47d0) thrown at [J:\jenkins\tmp\workspace\build\src\hotspot\src\share\vm\in
Event: 1.144 Thread 0x0000021f6c996800 Exception <a 'java/lang/NoSuchMethodError': java.lang.Object.lambda$comparingInt$7b0bb60$1(Ljava/util/function/ToIntFunction;Ljava/lang/Object;Ljava/lang/Object;)I> (0x00000000f074b0d0) thrown at [J:\jenkins\tmp\workspace\build\src\hotspot\src\share\vm\in
Event: 1.145 Thread 0x0000021f6cb4a000 Exception <a 'java/lang/NoSuchMethodError': java.lang.Object.lambda$maxBy$1(Ljava/util/Comparator;Ljava/lang/Object;Ljava/lang/Object;)Ljava/lang/Object;> (0x00000000f035c618) thrown at [J:\jenkins\tmp\workspace\build\src\hotspot\src\share\vm\interpreter\
Event: 1.145 Thread 0x0000021f6c997000 Exception <a 'java/lang/NoSuchMethodError': java.lang.Object.lambda$maxBy$1(Ljava/util/Comparator;Ljava/lang/Object;Ljava/lang/Object;)Ljava/lang/Object;> (0x00000000ef2294e0) thrown at [J:\jenkins\tmp\workspace\build\src\hotspot\src\share\vm\interpreter\
Event: 1.145 Thread 0x0000021f6cb4b000 Exception <a 'java/lang/NoSuchMethodError': java.lang.Object.lambda$maxBy$1(Ljava/util/Comparator;Ljava/lang/Object;Ljava/lang/Object;)Ljava/lang/Object;> (0x00000000f04ef8b0) thrown at [J:\jenkins\tmp\workspace\build\src\hotspot\src\share\vm\interpreter\
Event: 1.145 Thread 0x0000021f6c996800 Exception <a 'java/lang/NoSuchMethodError': java.lang.Object.lambda$maxBy$1(Ljava/util/Comparator;Ljava/lang/Object;Ljava/lang/Object;)Ljava/lang/Object;> (0x00000000f074f5f8) thrown at [J:\jenkins\tmp\workspace\build\src\hotspot\src\share\vm\interpreter\
Event: 1.686 Thread 0x0000021f6c996800 Implicit null exception at 0x0000021f58b4fe24 to 0x0000021f58b5ca0d
Event: 2.372 Thread 0x0000021f6c997000 Implicit null exception at 0x0000021f58f89973 to 0x0000021f58f8e78d

Events (10 events):
Event: 2.420 loading class com/android/tools/r8/p/n/A done
Event: 2.482 Thread 0x0000021f6cb4b000 Uncommon trap: trap_request=0xffffff65 fr.pc=0x0000021f587dd8ec
Event: 2.482 Thread 0x0000021f6cb4b000 DEOPT PACKING pc=0x0000021f587dd8ec sp=0x000000955b5fdcd0
Event: 2.482 Thread 0x0000021f6cb4b000 DEOPT UNPACKING pc=0x0000021f58175583 sp=0x000000955b5fdc48 mode 2
Event: 2.498 Executing VM operation: ParallelGCFailedAllocation
Event: 2.520 Executing VM operation: ParallelGCFailedAllocation done
Event: 2.564 Thread 0x0000021f6cb4a000 DEOPT PACKING pc=0x0000021f58672e6d sp=0x000000955b4fda10
Event: 2.564 Thread 0x0000021f6cb4a000 DEOPT UNPACKING pc=0x0000021f581775d8 sp=0x000000955b4fd750 mode 0
Event: 2.568 Thread 0x0000021f6cb4b000 DEOPT PACKING pc=0x0000021f58e2053d sp=0x000000955b5fe0d0
Event: 2.568 Thread 0x0000021f6cb4b000 DEOPT UNPACKING pc=0x0000021f581775d8 sp=0x000000955b5fe000 mode 0


Dynamic libraries:
0x00007ff658400000 - 0x00007ff65843a000 	C:\Program Files\Eclipse Foundation\jdk-8.0.302.8-hotspot\bin\java.exe
0x00007ffb2a130000 - 0x00007ffb2a328000 	C:\WINDOWS\SYSTEM32\ntdll.dll
0x00007ffb28540000 - 0x00007ffb285ff000 	C:\WINDOWS\System32\KERNEL32.DLL
0x00007ffb27c90000 - 0x00007ffb27f62000 	C:\WINDOWS\System32\KERNELBASE.dll
0x00007ffb28df0000 - 0x00007ffb28e9e000 	C:\WINDOWS\System32\ADVAPI32.dll
0x00007ffb29d20000 - 0x00007ffb29dbe000 	C:\WINDOWS\System32\msvcrt.dll
0x00007ffb29890000 - 0x00007ffb2992c000 	C:\WINDOWS\System32\sechost.dll
0x00007ffb29f60000 - 0x00007ffb2a085000 	C:\WINDOWS\System32\RPCRT4.dll
0x00007ffb29dc0000 - 0x00007ffb29f5d000 	C:\WINDOWS\System32\USER32.dll
0x00007ffb27830000 - 0x00007ffb27852000 	C:\WINDOWS\System32\win32u.dll
0x00007ffb29a10000 - 0x00007ffb29a3b000 	C:\WINDOWS\System32\GDI32.dll
0x00007ffb28070000 - 0x00007ffb2817f000 	C:\WINDOWS\System32\gdi32full.dll
0x00007ffb27b80000 - 0x00007ffb27c1d000 	C:\WINDOWS\System32\msvcp_win.dll
0x00007ffb27f70000 - 0x00007ffb28070000 	C:\WINDOWS\System32\ucrtbase.dll
0x00007ffb0a0d0000 - 0x00007ffb0a36a000 	C:\WINDOWS\WinSxS\amd64_microsoft.windows.common-controls_6595b64144ccf1df_6.0.19041.1110_none_60b5254171f9507e\COMCTL32.dll
0x00007ffb29ba0000 - 0x00007ffb29bd2000 	C:\WINDOWS\System32\IMM32.DLL
0x00007ffae3dc0000 - 0x00007ffae3eaf000 	C:\Program Files\Eclipse Foundation\jdk-8.0.302.8-hotspot\jre\bin\msvcr120.dll
0x00007ffadef40000 - 0x00007ffadefe6000 	C:\Program Files\Eclipse Foundation\jdk-8.0.302.8-hotspot\jre\bin\msvcp120.dll
0x00000000624e0000 - 0x0000000062d4b000 	C:\Program Files\Eclipse Foundation\jdk-8.0.302.8-hotspot\jre\bin\server\jvm.dll
0x00007ffb28de0000 - 0x00007ffb28de8000 	C:\WINDOWS\System32\PSAPI.DLL
0x00007ffb15810000 - 0x00007ffb15819000 	C:\WINDOWS\SYSTEM32\WSOCK32.dll
0x00007ffb12240000 - 0x00007ffb12267000 	C:\WINDOWS\SYSTEM32\WINMM.dll
0x00007ffb21b90000 - 0x00007ffb21b9a000 	C:\WINDOWS\SYSTEM32\VERSION.dll
0x00007ffb29020000 - 0x00007ffb2908b000 	C:\WINDOWS\System32\WS2_32.dll
0x00007ffb233d0000 - 0x00007ffb233df000 	C:\Program Files\Eclipse Foundation\jdk-8.0.302.8-hotspot\jre\bin\verify.dll
0x00007ffafd5e0000 - 0x00007ffafd609000 	C:\Program Files\Eclipse Foundation\jdk-8.0.302.8-hotspot\jre\bin\java.dll
0x00007ffb232a0000 - 0x00007ffb232b6000 	C:\Program Files\Eclipse Foundation\jdk-8.0.302.8-hotspot\jre\bin\zip.dll
0x00007ffb28600000 - 0x00007ffb28d43000 	C:\WINDOWS\System32\SHELL32.dll
0x00007ffb257e0000 - 0x00007ffb25f72000 	C:\WINDOWS\SYSTEM32\windows.storage.dll
0x00007ffb28180000 - 0x00007ffb284d4000 	C:\WINDOWS\System32\combase.dll
0x00007ffb27220000 - 0x00007ffb27250000 	C:\WINDOWS\SYSTEM32\Wldp.dll
0x00007ffb29930000 - 0x00007ffb299dd000 	C:\WINDOWS\System32\SHCORE.dll
0x00007ffb290f0000 - 0x00007ffb29145000 	C:\WINDOWS\System32\shlwapi.dll
0x00007ffb27770000 - 0x00007ffb2778f000 	C:\WINDOWS\SYSTEM32\profapi.dll
0x00007ffb231e0000 - 0x00007ffb231fa000 	C:\Program Files\Eclipse Foundation\jdk-8.0.302.8-hotspot\jre\bin\net.dll
0x00007ffb26f10000 - 0x00007ffb26f7a000 	C:\WINDOWS\system32\mswsock.dll
0x00007ffb23120000 - 0x00007ffb23132000 	C:\Program Files\Eclipse Foundation\jdk-8.0.302.8-hotspot\jre\bin\nio.dll

VM Arguments:
jvm_args: -Xmx1G 
java_command: com.android.tools.r8.D8 --debug --min-api 21 --output obj\Debug\110\android\bin\ --lib D:\Android\android-sdk-xamarin\android-sdk\platforms\android-30\android.jar obj\Debug\110\android\bin\classes.zip C:\Program Files (x86)\Microsoft Visual Studio\2019\Enterprise\Common7\IDE\ReferenceAssemblies\Microsoft\Framework\MonoAndroid\v11.0\mono.android.jar C:\Program Files (x86)\Microsoft Visual Studio\2019\Enterprise\MSBuild\Xamarin\Android\java_runtime_fastdev.jar C:\Program Files (x86)\Microsoft\Xamarin\NuGet\xamarin.androidx.annotation\1.1.0.8\buildTransitive\monoandroid90\..\..\jar\androidx.annotation.annotation.jar C:\Users\Administrator\.nuget\packages\xamarin.androidx.collection\1.1.0.6\buildTransitive\monoandroid90\..\..\jar\androidx.collection.collection.jar C:\Users\Administrator\.nuget\packages\xamarin.androidx.lifecycle.common\2.2.0.4\buildTransitive\monoandroid90\..\..\jar\androidx.lifecycle.lifecycle-common.jar C:\Users\Administrator\.nuget\packages\xamarin.androidx.arch.core.common\2.1.0.7\buildTransitive\monoandroid90\..\..\jar\androidx.arch.core.core-common.jar obj\Debug\110\androidx\jl\17090408-a76d-4289-aff9-acc5dc831c83.jar obj\Debug\110\lp\100\jl\classes.jar obj\Debug\110\lp\102\jl\classes.jar obj\Debug\110\lp\2\jl\formsviewgroup.jar obj\Debug\110\lp\3\jl\bin\classes.jar obj\Debug\110\lp\64\jl\classes.jar obj\Debug\110\lp\65\jl\classes.jar obj\Debug\110\lp\66\jl\classes.jar obj\Debug\110\lp\67\jl\classes.jar obj\Debug\110\lp\68\jl\classes.jar obj\Debug\110\lp\69\jl\classes.jar obj\Debug\110\lp\70\jl\classes.jar obj\Debug\110\lp\71\jl\classes.jar obj\Debug\110\lp\72\jl\classes.jar obj\Debug\110\lp\73\jl\classes.jar obj\Debug\110\lp\74\jl\classes.jar obj\Debug\110\lp\75\jl\classes.jar obj\Debug\110\lp\76\jl\classes.jar obj\Debug\110\lp\77\jl\classes.jar obj\Debug\110\lp\78\jl\classes.jar obj\Debug\110\lp\79\jl\classes.jar obj\Debug\110\lp\80\jl\classes.jar obj\Debug\110\lp\81\jl\classes.jar obj\Debug\110\lp\82\jl\classes.jar obj\Debug\110
java_class_path (initial): C:\Program Files (x86)\Microsoft Visual Studio\2019\Enterprise\MSBuild\Xamarin\Android\r8.jar
Launcher Type: SUN_STANDARD

Environment Variables:
PATH=C:\Program Files\Eclipse Foundation\jdk-8.0.302.8-hotspot\bin;C:\Program Files\Microsoft\jdk-11.0.12.7-hotspot\bin;C:\Program Files\Microsoft MPI\Bin\;C:\Oracle\11.2.0\client_1;C:\Program Files (x86)\Eziriz\.NET Reactor;C:\ProgramData\Oracle\Java\javapath;D:\app\Hung\product\11.2.0\client_2\bin;D:\app\Hung\product\11.2.0\client_1;C:\Program Files (x86)\Common Files\Oracle\Java\javapath;C:\WINDOWS\system32;C:\WINDOWS;C:\WINDOWS\System32\Wbem;C:\WINDOWS\System32\WindowsPowerShell\v1.0\;C:\WINDOWS\System32\OpenSSH\;C:\Program Files (x86)\Microsoft SQL Server\140\Tools\Binn\;C:\Program Files\Microsoft SQL Server\140\Tools\Binn\;C:\Program Files (x86)\Microsoft SQL Server\140\DTS\Binn\;C:\Program Files\Microsoft SQL Server\140\DTS\Binn\;C:\Program Files\Microsoft SQL Server\Client SDK\ODBC\130\Tools\Binn\;C:\Program Files\Git\cmd;C:\Program Files\dotnet\;C:\Program Files\Microsoft SQL Server\130\Tools\Binn\;C:\Program Files (x86)\Microsoft SQL Server\Client SDK\ODBC\130\Tools\Binn\;C:\Program Files (x86)\Microsoft SQL Server\140\Tools\Binn\ManagementStudio\;C:\Program Files (x86)\Microsoft SQL Server\90\Tools\binn\;C:\Program Files\Eclipse Foundation\jdk1.7.0_80;C:\Users\Administrator\AppData\Local\Microsoft\WindowsApps;C:\Users\Administrator\.dotnet\tools;C:\Users\Administrator\AppData\Local\GitHubDesktop\bin;C:\Users\Administrator\.dotnet\tools
USERNAME=Administrator
OS=Windows_NT
PROCESSOR_IDENTIFIER=Intel64 Family 6 Model 94 Stepping 3, GenuineIntel



---------------  S Y S T E M  ---------------

OS: Windows 10.0 , 64 bit Build 19041 (10.0.19041.2251)

CPU:total 8 (initial active 8) (4 cores per cpu, 2 threads per core) family 6 model 94 stepping 3, cmov, cx8, fxsr, mmx, sse, sse2, sse3, ssse3, sse4.1, sse4.2, popcnt, avx, avx2, aes, clmul, erms, rtm, 3dnowpref, lzcnt, ht, tsc, tscinvbit, bmi1, bmi2, adx

Memory: 4k page, physical 33431352k(5489348k free), swap 33431352k(5812k free)

vm_info: OpenJDK 64-Bit Server VM (25.302-b08) for windows-amd64 JRE (1.8.0_302-b08), built on Jul 20 2021 21:31:03 by "jenkins" with MS VC++ 12.0 (VS2013)

time: Wed Nov 23 14:29:32 2022
timezone: SE Asia Standard Time
elapsed time: 2.629638 seconds (0d 0h 0m 2s)

